
> hmnp-site@0.1.0 start:prod-dev /home/fleece-johnson/HMNP-Site/hmnp-site
> NODE_ENV=production next dev

 ⚠ You are using a non-standard "NODE_ENV" value in your environment. This creates inconsistencies in the project and is strongly advised against. Read more: https://nextjs.org/docs/messages/non-standard-node-env
   ▲ Next.js 15.1.3
   - Local:        http://localhost:3000
   - Network:      http://192.168.1.193:3000
   - Environments: .env.local, .env
   - Experiments (use with caution):
     · turbo
     · reactCompiler
     · webpackMemoryOptimizations

 ✓ Starting...
 ⚠ Invalid next.config.js options detected: 
 ⚠     Expected object, received boolean at "experimental.turbo"
 ⚠ See more info here: https://nextjs.org/docs/messages/invalid-next-config
 ✓ Ready in 7.3s
 ○ Compiling /api/health ...
 ✓ Compiled /api/health in 15.8s (710 modules)
[32m{"level":"info","message":"Health check initiated","metadata":{"ip":"::1","userAgent":"curl/8.5.0"},"requestId":"health-1751212519125-gpnb42vok","service":"health-check","timestamp":"2025-06-29T15:55:19.126Z"}[39m
[32m{"level":"info","message":"Health check completed","metadata":{"dbResponseTime":1151,"redisResponseTime":0,"responseTime":1157,"status":"healthy"},"requestId":"health-1751212519125-gpnb42vok","service":"health-check","timestamp":"2025-06-29T15:55:20.283Z"}[39m
 GET /api/health 200 in 18142ms
 ○ Compiling /api/availability ...
 ✓ Compiled /api/availability in 4.8s (1042 modules)
[AVAILABILITY API] Starting request processing: 2025-06-29T15:55:33.083Z
[AVAILABILITY API] Query params: {
  date: '2025-07-02',
  serviceId: 'cmb8p8ww20003veixccludati',
  duration: null,
  timezone: undefined
}
prisma:query SELECT "public"."BusinessSettings"."id", "public"."BusinessSettings"."key", "public"."BusinessSettings"."value", "public"."BusinessSettings"."dataType", "public"."BusinessSettings"."description", "public"."BusinessSettings"."category", "public"."BusinessSettings"."updatedAt", "public"."BusinessSettings"."updatedById" FROM "public"."BusinessSettings" WHERE "public"."BusinessSettings"."category" = $1 OFFSET $2
[AVAILABILITY API] Business timezone: America/Chicago
[AVAILABILITY API] Looking up service: cmb8p8ww20003veixccludati
prisma:query SELECT "public"."Service"."id", "public"."Service"."name", "public"."Service"."description", "public"."Service"."serviceType"::text, "public"."Service"."durationMinutes", "public"."Service"."basePrice", "public"."Service"."isActive", "public"."Service"."requiresDeposit", "public"."Service"."depositAmount", "public"."Service"."createdAt", "public"."Service"."updatedAt", "public"."Service"."externalCalendarId" FROM "public"."Service" WHERE ("public"."Service"."id" = $1 AND 1=1) LIMIT $2 OFFSET $3
[AVAILABILITY API] Service found: Priority Mobile Notary (Rush)
[DEBUG] Date: 2025-07-02 Day of week: 3
[DEBUG] Business settings keys: []
[DEBUG] Business hours result: { startTime: '09:00', endTime: '17:00', dayOfWeek: 3 }
prisma:error 
Invalid `prisma.booking.findMany()` invocation:

{
  where: {
    scheduledDateTime: {
      gte: new Date("2025-07-02T05:00:00.000Z"),
      lte: new Date("2025-07-03T04:59:59.999Z")
    },
    status: {
      notIn: [
        "CANCELLED_BY_CLIENT",
        "CANCELLED_BY_STAFF",
        "NO_SHOW",
        "ARCHIVED"
      ]
    }
  },
  include: {
    service: true,
    ~~~~~~~
?   User_Booking_notaryIdToUser?: true,
?   PromoCode?: true,
?   Service?: true,
?   service_areas?: true,
?   User_Booking_signerIdToUser?: true,
?   NotarizationDocument?: true,
?   NotificationLog?: true,
?   Payment?: true,
?   notary_journal?: true
  }
}

Unknown field `service` for include statement on model `Booking`. Available options are listed in green.
[AVAILABILITY API] Error occurred: Error [PrismaClientValidationError]: 
Invalid `prisma.booking.findMany()` invocation:

{
  where: {
    scheduledDateTime: {
      gte: new Date("2025-07-02T05:00:00.000Z"),
      lte: new Date("2025-07-03T04:59:59.999Z")
    },
    status: {
      notIn: [
        "CANCELLED_BY_CLIENT",
        "CANCELLED_BY_STAFF",
        "NO_SHOW",
        "ARCHIVED"
      ]
    }
  },
  include: {
    service: true,
    ~~~~~~~
?   User_Booking_notaryIdToUser?: true,
?   PromoCode?: true,
?   Service?: true,
?   service_areas?: true,
?   User_Booking_signerIdToUser?: true,
?   NotarizationDocument?: true,
?   NotificationLog?: true,
?   Payment?: true,
?   notary_journal?: true
  }
}

Unknown field `service` for include statement on model `Booking`. Available options are listed in green.
    at async getExistingBookings (app/api/availability/route.ts:254:9)
    at async GET (app/api/availability/route.ts:130:29) {
  clientVersion: '6.10.1'
}
[AVAILABILITY API] Error stack: PrismaClientValidationError: 
Invalid `prisma.booking.findMany()` invocation:

{
  where: {
    scheduledDateTime: {
      gte: new Date("2025-07-02T05:00:00.000Z"),
      lte: new Date("2025-07-03T04:59:59.999Z")
    },
    status: {
      notIn: [
        "CANCELLED_BY_CLIENT",
        "CANCELLED_BY_STAFF",
        "NO_SHOW",
        "ARCHIVED"
      ]
    }
  },
  include: {
    service: true,
    ~~~~~~~
?   User_Booking_notaryIdToUser?: true,
?   PromoCode?: true,
?   Service?: true,
?   service_areas?: true,
?   User_Booking_signerIdToUser?: true,
?   NotarizationDocument?: true,
?   NotificationLog?: true,
?   Payment?: true,
?   notary_journal?: true
  }
}

Unknown field `service` for include statement on model `Booking`. Available options are listed in green.
    at kn (/home/fleece-johnson/HMNP-Site/hmnp-site/node_modules/.pnpm/@prisma+client@6.10.1_prisma@6.10.1_typescript@5.7.2__typescript@5.7.2/node_modules/@prisma/client/runtime/library.js:29:1363)
    at Zn.handleRequestError (/home/fleece-johnson/HMNP-Site/hmnp-site/node_modules/.pnpm/@prisma+client@6.10.1_prisma@6.10.1_typescript@5.7.2__typescript@5.7.2/node_modules/@prisma/client/runtime/library.js:121:7102)
    at Zn.handleAndLogRequestError (/home/fleece-johnson/HMNP-Site/hmnp-site/node_modules/.pnpm/@prisma+client@6.10.1_prisma@6.10.1_typescript@5.7.2__typescript@5.7.2/node_modules/@prisma/client/runtime/library.js:121:6784)
    at Zn.request (/home/fleece-johnson/HMNP-Site/hmnp-site/node_modules/.pnpm/@prisma+client@6.10.1_prisma@6.10.1_typescript@5.7.2__typescript@5.7.2/node_modules/@prisma/client/runtime/library.js:121:6491)
    at async l (/home/fleece-johnson/HMNP-Site/hmnp-site/node_modules/.pnpm/@prisma+client@6.10.1_prisma@6.10.1_typescript@5.7.2__typescript@5.7.2/node_modules/@prisma/client/runtime/library.js:130:9778)
    at async getExistingBookings (webpack-internal:///(rsc)/./app/api/availability/route.ts:242:12)
    at async GET (webpack-internal:///(rsc)/./app/api/availability/route.ts:126:34)
    at async AppRouteRouteModule.do (/home/fleece-johnson/HMNP-Site/hmnp-site/node_modules/.pnpm/next@15.1.3_@babel+core@7.27.7_@opentelemetry+api@1.9.0_@playwright+test@1.53.1_react-d_cbe9393c197632eecd0dba167fbd6de8/node_modules/next/dist/compiled/next-server/app-route.runtime.dev.js:10:32804)
    at async AppRouteRouteModule.handle (/home/fleece-johnson/HMNP-Site/hmnp-site/node_modules/.pnpm/next@15.1.3_@babel+core@7.27.7_@opentelemetry+api@1.9.0_@playwright+test@1.53.1_react-d_cbe9393c197632eecd0dba167fbd6de8/node_modules/next/dist/compiled/next-server/app-route.runtime.dev.js:10:39698)
    at async doRender (/home/fleece-johnson/HMNP-Site/hmnp-site/node_modules/.pnpm/next@15.1.3_@babel+core@7.27.7_@opentelemetry+api@1.9.0_@playwright+test@1.53.1_react-d_cbe9393c197632eecd0dba167fbd6de8/node_modules/next/dist/server/base-server.js:1452:42)
    at async responseGenerator (/home/fleece-johnson/HMNP-Site/hmnp-site/node_modules/.pnpm/next@15.1.3_@babel+core@7.27.7_@opentelemetry+api@1.9.0_@playwright+test@1.53.1_react-d_cbe9393c197632eecd0dba167fbd6de8/node_modules/next/dist/server/base-server.js:1813:28)
    at async DevServer.renderToResponseWithComponentsImpl (/home/fleece-johnson/HMNP-Site/hmnp-site/node_modules/.pnpm/next@15.1.3_@babel+core@7.27.7_@opentelemetry+api@1.9.0_@playwright+test@1.53.1_react-d_cbe9393c197632eecd0dba167fbd6de8/node_modules/next/dist/server/base-server.js:1823:28)
    at async DevServer.renderPageComponent (/home/fleece-johnson/HMNP-Site/hmnp-site/node_modules/.pnpm/next@15.1.3_@babel+core@7.27.7_@opentelemetry+api@1.9.0_@playwright+test@1.53.1_react-d_cbe9393c197632eecd0dba167fbd6de8/node_modules/next/dist/server/base-server.js:2250:24)
    at async DevServer.renderToResponseImpl (/home/fleece-johnson/HMNP-Site/hmnp-site/node_modules/.pnpm/next@15.1.3_@babel+core@7.27.7_@opentelemetry+api@1.9.0_@playwright+test@1.53.1_react-d_cbe9393c197632eecd0dba167fbd6de8/node_modules/next/dist/server/base-server.js:2288:32)
    at async DevServer.pipeImpl (/home/fleece-johnson/HMNP-Site/hmnp-site/node_modules/.pnpm/next@15.1.3_@babel+core@7.27.7_@opentelemetry+api@1.9.0_@playwright+test@1.53.1_react-d_cbe9393c197632eecd0dba167fbd6de8/node_modules/next/dist/server/base-server.js:959:25)
    at async NextNodeServer.handleCatchallRenderRequest (/home/fleece-johnson/HMNP-Site/hmnp-site/node_modules/.pnpm/next@15.1.3_@babel+core@7.27.7_@opentelemetry+api@1.9.0_@playwright+test@1.53.1_react-d_cbe9393c197632eecd0dba167fbd6de8/node_modules/next/dist/server/next-server.js:281:17)
    at async DevServer.handleRequestImpl (/home/fleece-johnson/HMNP-Site/hmnp-site/node_modules/.pnpm/next@15.1.3_@babel+core@7.27.7_@opentelemetry+api@1.9.0_@playwright+test@1.53.1_react-d_cbe9393c197632eecd0dba167fbd6de8/node_modules/next/dist/server/base-server.js:853:17)
    at async /home/fleece-johnson/HMNP-Site/hmnp-site/node_modules/.pnpm/next@15.1.3_@babel+core@7.27.7_@opentelemetry+api@1.9.0_@playwright+test@1.53.1_react-d_cbe9393c197632eecd0dba167fbd6de8/node_modules/next/dist/server/dev/next-dev-server.js:371:20
    at async Span.traceAsyncFn (/home/fleece-johnson/HMNP-Site/hmnp-site/node_modules/.pnpm/next@15.1.3_@babel+core@7.27.7_@opentelemetry+api@1.9.0_@playwright+test@1.53.1_react-d_cbe9393c197632eecd0dba167fbd6de8/node_modules/next/dist/trace/trace.js:153:20)
    at async DevServer.handleRequest (/home/fleece-johnson/HMNP-Site/hmnp-site/node_modules/.pnpm/next@15.1.3_@babel+core@7.27.7_@opentelemetry+api@1.9.0_@playwright+test@1.53.1_react-d_cbe9393c197632eecd0dba167fbd6de8/node_modules/next/dist/server/dev/next-dev-server.js:368:24)
    at async invokeRender (/home/fleece-johnson/HMNP-Site/hmnp-site/node_modules/.pnpm/next@15.1.3_@babel+core@7.27.7_@opentelemetry+api@1.9.0_@playwright+test@1.53.1_react-d_cbe9393c197632eecd0dba167fbd6de8/node_modules/next/dist/server/lib/router-server.js:230:21)
    at async handleRequest (/home/fleece-johnson/HMNP-Site/hmnp-site/node_modules/.pnpm/next@15.1.3_@babel+core@7.27.7_@opentelemetry+api@1.9.0_@playwright+test@1.53.1_react-d_cbe9393c197632eecd0dba167fbd6de8/node_modules/next/dist/server/lib/router-server.js:408:24)
    at async requestHandlerImpl (/home/fleece-johnson/HMNP-Site/hmnp-site/node_modules/.pnpm/next@15.1.3_@babel+core@7.27.7_@opentelemetry+api@1.9.0_@playwright+test@1.53.1_react-d_cbe9393c197632eecd0dba167fbd6de8/node_modules/next/dist/server/lib/router-server.js:432:13)
    at async Server.requestListener (/home/fleece-johnson/HMNP-Site/hmnp-site/node_modules/.pnpm/next@15.1.3_@babel+core@7.27.7_@opentelemetry+api@1.9.0_@playwright+test@1.53.1_react-d_cbe9393c197632eecd0dba167fbd6de8/node_modules/next/dist/server/lib/start-server.js:146:13)
[AVAILABILITY API] Request URL: http://localhost:3000/api/availability?date=2025-07-02&serviceId=cmb8p8ww20003veixccludati
 GET /api/availability?date=2025-07-02&serviceId=cmb8p8ww20003veixccludati 500 in 6759ms
 ✓ Compiled in 1711ms (794 modules)
 ✓ Compiled in 1219ms (794 modules)
[AVAILABILITY API] Starting request processing: 2025-06-29T15:56:19.845Z
[AVAILABILITY API] Query params: {
  date: '2025-07-02',
  serviceId: 'cmb8p8ww20003veixccludati',
  duration: null,
  timezone: undefined
}
prisma:query SELECT 1
prisma:query SELECT "public"."BusinessSettings"."id", "public"."BusinessSettings"."key", "public"."BusinessSettings"."value", "public"."BusinessSettings"."dataType", "public"."BusinessSettings"."description", "public"."BusinessSettings"."category", "public"."BusinessSettings"."updatedAt", "public"."BusinessSettings"."updatedById" FROM "public"."BusinessSettings" WHERE "public"."BusinessSettings"."category" = $1 OFFSET $2
[AVAILABILITY API] Business timezone: America/Chicago
[AVAILABILITY API] Looking up service: cmb8p8ww20003veixccludati
prisma:query SELECT "public"."Service"."id", "public"."Service"."name", "public"."Service"."description", "public"."Service"."serviceType"::text, "public"."Service"."durationMinutes", "public"."Service"."basePrice", "public"."Service"."isActive", "public"."Service"."requiresDeposit", "public"."Service"."depositAmount", "public"."Service"."createdAt", "public"."Service"."updatedAt", "public"."Service"."externalCalendarId" FROM "public"."Service" WHERE ("public"."Service"."id" = $1 AND 1=1) LIMIT $2 OFFSET $3
[AVAILABILITY API] Service found: Priority Mobile Notary (Rush)
[DEBUG] Date: 2025-07-02 Day of week: 3
[DEBUG] Business settings keys: []
[DEBUG] Business hours result: { startTime: '09:00', endTime: '17:00', dayOfWeek: 3 }
prisma:query SELECT "public"."Booking"."id", "public"."Booking"."signerId", "public"."Booking"."serviceId", "public"."Booking"."notaryId", "public"."Booking"."scheduledDateTime", "public"."Booking"."actualEndDateTime", "public"."Booking"."status"::text, "public"."Booking"."locationType"::text, "public"."Booking"."addressStreet", "public"."Booking"."addressCity", "public"."Booking"."addressState", "public"."Booking"."addressZip", "public"."Booking"."locationNotes", "public"."Booking"."priceAtBooking", "public"."Booking"."notes", "public"."Booking"."dailyRoomUrl", "public"."Booking"."dailyRecordingId", "public"."Booking"."kbaStatus", "public"."Booking"."idVerificationStatus", "public"."Booking"."notaryJournalEntry", "public"."Booking"."createdAt", "public"."Booking"."updatedAt", "public"."Booking"."confirmationEmailSentAt", "public"."Booking"."confirmationSmsSentAt", "public"."Booking"."followUpSentAt", "public"."Booking"."lastReminderSentAt", "public"."Booking"."noShowCheckPerformedAt", "public"."Booking"."reminder1hrSentAt", "public"."Booking"."reminder24hrSentAt", "public"."Booking"."reminder2hrSentAt", "public"."Booking"."depositAmount", "public"."Booking"."depositStatus"::text, "public"."Booking"."googleCalendarEventId", "public"."Booking"."promoCodeDiscount", "public"."Booking"."promoCodeId", "public"."Booking"."campaignName", "public"."Booking"."customerEmail", "public"."Booking"."ghlContactId", "public"."Booking"."leadSource", "public"."Booking"."stripePaymentUrl", "public"."Booking"."workflowId", "public"."Booking"."witness_type"::text, "public"."Booking"."witness_fee", "public"."Booking"."mileage_miles", "public"."Booking"."mileage_fee", "public"."Booking"."urgency_level", "public"."Booking"."urgency_fee", "public"."Booking"."estimated_completion_time", "public"."Booking"."notary_travel_time_minutes", "public"."Booking"."google_maps_distance_matrix", "public"."Booking"."service_area_id" FROM "public"."Booking" WHERE ("public"."Booking"."scheduledDateTime" >= $1 AND "public"."Booking"."scheduledDateTime" <= $2 AND "public"."Booking"."status" NOT IN (CAST($3::text AS "public"."BookingStatus"),CAST($4::text AS "public"."BookingStatus"),CAST($5::text AS "public"."BookingStatus"),CAST($6::text AS "public"."BookingStatus"))) OFFSET $7
[AVAILABILITY API] Calculated 14 time slots
 GET /api/availability?date=2025-07-02&serviceId=cmb8p8ww20003veixccludati 200 in 599ms
 ○ Compiling /api/services ...
 ✓ Compiled /api/services in 1587ms (710 modules)
prisma:query SELECT 1
prisma:query SELECT 1
prisma:query SELECT COUNT(*) AS "_count._all" FROM (SELECT "public"."Service"."id" FROM "public"."Service" WHERE 1=1 OFFSET $1) AS "sub"
prisma:query SELECT COUNT(*) AS "_count._all" FROM (SELECT "public"."Service"."id" FROM "public"."Service" WHERE "public"."Service"."isActive" = $1 OFFSET $2) AS "sub"
prisma:query SELECT "public"."Service"."id", "public"."Service"."name", "public"."Service"."description", "public"."Service"."serviceType"::text, "public"."Service"."durationMinutes", "public"."Service"."basePrice", "public"."Service"."requiresDeposit", "public"."Service"."depositAmount", "public"."Service"."externalCalendarId", "public"."Service"."isActive", "public"."Service"."createdAt", "public"."Service"."updatedAt" FROM "public"."Service" WHERE "public"."Service"."isActive" = $1 ORDER BY "public"."Service"."serviceType" ASC, "public"."Service"."name" ASC OFFSET $2
 GET /api/services 200 in 2453ms
[AVAILABILITY API] Starting request processing: 2025-06-29T15:56:41.323Z
[AVAILABILITY API] Query params: {
  date: '2025-07-02',
  serviceId: 'cmb8p8ww20003veixccludati',
  duration: null,
  timezone: undefined
}
prisma:query SELECT "public"."BusinessSettings"."id", "public"."BusinessSettings"."key", "public"."BusinessSettings"."value", "public"."BusinessSettings"."dataType", "public"."BusinessSettings"."description", "public"."BusinessSettings"."category", "public"."BusinessSettings"."updatedAt", "public"."BusinessSettings"."updatedById" FROM "public"."BusinessSettings" WHERE "public"."BusinessSettings"."category" = $1 OFFSET $2
[AVAILABILITY API] Business timezone: America/Chicago
[AVAILABILITY API] Looking up service: cmb8p8ww20003veixccludati
prisma:query SELECT "public"."Service"."id", "public"."Service"."name", "public"."Service"."description", "public"."Service"."serviceType"::text, "public"."Service"."durationMinutes", "public"."Service"."basePrice", "public"."Service"."isActive", "public"."Service"."requiresDeposit", "public"."Service"."depositAmount", "public"."Service"."createdAt", "public"."Service"."updatedAt", "public"."Service"."externalCalendarId" FROM "public"."Service" WHERE ("public"."Service"."id" = $1 AND 1=1) LIMIT $2 OFFSET $3
[AVAILABILITY API] Service found: Priority Mobile Notary (Rush)
[DEBUG] Date: 2025-07-02 Day of week: 3
[DEBUG] Business settings keys: []
[DEBUG] Business hours result: { startTime: '09:00', endTime: '17:00', dayOfWeek: 3 }
prisma:query SELECT "public"."Booking"."id", "public"."Booking"."signerId", "public"."Booking"."serviceId", "public"."Booking"."notaryId", "public"."Booking"."scheduledDateTime", "public"."Booking"."actualEndDateTime", "public"."Booking"."status"::text, "public"."Booking"."locationType"::text, "public"."Booking"."addressStreet", "public"."Booking"."addressCity", "public"."Booking"."addressState", "public"."Booking"."addressZip", "public"."Booking"."locationNotes", "public"."Booking"."priceAtBooking", "public"."Booking"."notes", "public"."Booking"."dailyRoomUrl", "public"."Booking"."dailyRecordingId", "public"."Booking"."kbaStatus", "public"."Booking"."idVerificationStatus", "public"."Booking"."notaryJournalEntry", "public"."Booking"."createdAt", "public"."Booking"."updatedAt", "public"."Booking"."confirmationEmailSentAt", "public"."Booking"."confirmationSmsSentAt", "public"."Booking"."followUpSentAt", "public"."Booking"."lastReminderSentAt", "public"."Booking"."noShowCheckPerformedAt", "public"."Booking"."reminder1hrSentAt", "public"."Booking"."reminder24hrSentAt", "public"."Booking"."reminder2hrSentAt", "public"."Booking"."depositAmount", "public"."Booking"."depositStatus"::text, "public"."Booking"."googleCalendarEventId", "public"."Booking"."promoCodeDiscount", "public"."Booking"."promoCodeId", "public"."Booking"."campaignName", "public"."Booking"."customerEmail", "public"."Booking"."ghlContactId", "public"."Booking"."leadSource", "public"."Booking"."stripePaymentUrl", "public"."Booking"."workflowId", "public"."Booking"."witness_type"::text, "public"."Booking"."witness_fee", "public"."Booking"."mileage_miles", "public"."Booking"."mileage_fee", "public"."Booking"."urgency_level", "public"."Booking"."urgency_fee", "public"."Booking"."estimated_completion_time", "public"."Booking"."notary_travel_time_minutes", "public"."Booking"."google_maps_distance_matrix", "public"."Booking"."service_area_id" FROM "public"."Booking" WHERE ("public"."Booking"."scheduledDateTime" >= $1 AND "public"."Booking"."scheduledDateTime" <= $2 AND "public"."Booking"."status" NOT IN (CAST($3::text AS "public"."BookingStatus"),CAST($4::text AS "public"."BookingStatus"),CAST($5::text AS "public"."BookingStatus"),CAST($6::text AS "public"."BookingStatus"))) OFFSET $7
[AVAILABILITY API] Calculated 14 time slots
 GET /api/availability?date=2025-07-02&serviceId=cmb8p8ww20003veixccludati 200 in 924ms
prisma:query SELECT 1
prisma:query SELECT COUNT(*) AS "_count._all" FROM (SELECT "public"."Service"."id" FROM "public"."Service" WHERE 1=1 OFFSET $1) AS "sub"
prisma:query SELECT COUNT(*) AS "_count._all" FROM (SELECT "public"."Service"."id" FROM "public"."Service" WHERE "public"."Service"."isActive" = $1 OFFSET $2) AS "sub"
prisma:query SELECT "public"."Service"."id", "public"."Service"."name", "public"."Service"."description", "public"."Service"."serviceType"::text, "public"."Service"."durationMinutes", "public"."Service"."basePrice", "public"."Service"."requiresDeposit", "public"."Service"."depositAmount", "public"."Service"."externalCalendarId", "public"."Service"."isActive", "public"."Service"."createdAt", "public"."Service"."updatedAt" FROM "public"."Service" WHERE "public"."Service"."isActive" = $1 ORDER BY "public"."Service"."serviceType" ASC, "public"."Service"."name" ASC OFFSET $2
 GET /api/services 200 in 451ms
prisma:query SELECT 1
prisma:query SELECT COUNT(*) AS "_count._all" FROM (SELECT "public"."Service"."id" FROM "public"."Service" WHERE 1=1 OFFSET $1) AS "sub"
prisma:query SELECT COUNT(*) AS "_count._all" FROM (SELECT "public"."Service"."id" FROM "public"."Service" WHERE "public"."Service"."isActive" = $1 OFFSET $2) AS "sub"
prisma:query SELECT "public"."Service"."id", "public"."Service"."name", "public"."Service"."description", "public"."Service"."serviceType"::text, "public"."Service"."durationMinutes", "public"."Service"."basePrice", "public"."Service"."requiresDeposit", "public"."Service"."depositAmount", "public"."Service"."externalCalendarId", "public"."Service"."isActive", "public"."Service"."createdAt", "public"."Service"."updatedAt" FROM "public"."Service" WHERE "public"."Service"."isActive" = $1 ORDER BY "public"."Service"."serviceType" ASC, "public"."Service"."name" ASC OFFSET $2
 GET /api/services 200 in 874ms
 ○ Compiling /api/health ...
 ✓ Compiled /api/health in 1510ms (797 modules)
[32m{"level":"info","message":"Health check initiated","metadata":{"ip":"::1","userAgent":"curl/8.5.0"},"requestId":"health-1751212622289-9tf19t9gz","service":"health-check","timestamp":"2025-06-29T15:57:02.290Z"}[39m
[32m{"level":"info","message":"Health check completed","metadata":{"dbResponseTime":568,"redisResponseTime":0,"responseTime":578,"status":"healthy"},"requestId":"health-1751212622289-9tf19t9gz","service":"health-check","timestamp":"2025-06-29T15:57:02.868Z"}[39m
 GET /api/health 200 in 2503ms
 ⚠ Found a change in next.config.js. Restarting the server to apply the changes...
   ▲ Next.js 15.1.3
   - Local:        http://localhost:3000
   - Network:      http://192.168.1.193:3000
   - Environments: .env.local, .env
   - Experiments (use with caution):
     · turbo
     · reactCompiler
     · webpackMemoryOptimizations

 ✓ Starting...
 ⚠ Invalid next.config.js options detected: 
 ⚠     Expected object, received boolean at "experimental.turbo"
 ⚠ See more info here: https://nextjs.org/docs/messages/invalid-next-config
 ✓ Ready in 6.7s
 ELIFECYCLE  Command failed.
[?25h
