
> hmnp-site@0.1.0 dev /home/fleece-johnson/HMNP-Site/hmnp-site
> next dev

   ▲ Next.js 15.1.3
   - Local:        http://localhost:3000
   - Network:      http://192.168.1.193:3000
   - Environments: .env.local, .env
   - Experiments (use with caution):
     · turbo
     · reactCompiler
     · webpackMemoryOptimizations

 ✓ Starting...
 ⚠ Invalid next.config.js options detected: 
 ⚠     Expected object, received boolean at "experimental.turbo"
 ⚠ See more info here: https://nextjs.org/docs/messages/invalid-next-config
 ✓ Ready in 8.3s
 ○ Compiling / ...
 ✓ Compiled / in 25.4s (921 modules)
 GET / 200 in 29635ms
 ✓ Compiled in 4.3s (393 modules)
 ✓ Compiled in 2s (393 modules)
 ✓ Compiled in 1944ms (393 modules)
 ✓ Compiled in 2.1s (393 modules)
 ✓ Compiled in 2.3s (393 modules)
 ✓ Compiled in 2.5s (393 modules)
 ✓ Compiled in 2.8s (393 modules)
 GET / 200 in 2713ms
 ✓ Compiled in 2.5s (393 modules)
 ✓ Compiled in 2.2s (393 modules)
 ○ Compiling /booking ...
 ✓ Compiled /booking in 29.6s (2054 modules)
 GET /booking 200 in 33177ms
 ✓ Compiled in 3.9s (958 modules)
 ✓ Compiled in 1925ms (958 modules)
 ✓ Compiled in 2.3s (958 modules)
 ✓ Compiled in 2.3s (958 modules)
 ✓ Compiled in 2.2s (958 modules)
 ✓ Compiled in 2.1s (958 modules)
 ✓ Compiled in 2.2s (958 modules)
 ✓ Compiled in 2.3s (958 modules)
 ✓ Compiled in 2.8s (958 modules)
 ✓ Compiled in 2.8s (958 modules)
 ✓ Compiled in 2.5s (958 modules)
 ✓ Compiled in 2.3s (958 modules)
 ✓ Compiled in 2.6s (958 modules)
 ✓ Compiled in 2.2s (958 modules)
 ✓ Compiled in 2.1s (958 modules)
 ✓ Compiled in 2.4s (958 modules)
 ✓ Compiled in 2.5s (958 modules)
 ✓ Compiled in 2.3s (958 modules)
 ✓ Compiled in 2.2s (958 modules)
 ✓ Compiled in 1983ms (958 modules)
 ✓ Compiled in 7.9s (958 modules)
 ✓ Compiled in 2.4s (958 modules)
 ✓ Compiled in 1998ms (958 modules)
 ✓ Compiled in 2.2s (958 modules)
 ✓ Compiled in 2.7s (958 modules)
 ✓ Compiled in 2.1s (958 modules)
 ✓ Compiled in 2.1s (958 modules)
 ✓ Compiled in 2.1s (958 modules)
 ✓ Compiled in 2.3s (958 modules)
 ✓ Compiled in 2.7s (958 modules)
 ✓ Compiled in 2.3s (958 modules)
 ✓ Compiled in 2.9s (958 modules)
 ✓ Compiled in 2.2s (958 modules)
 ✓ Compiled in 2.6s (958 modules)
 ✓ Compiled in 2.2s (958 modules)
 ✓ Compiled in 1957ms (958 modules)
 ✓ Compiled in 2.1s (958 modules)
 ✓ Compiled in 2s (958 modules)
 ✓ Compiled in 2.3s (958 modules)
 ✓ Compiled in 2.3s (958 modules)
 ✓ Compiled in 2.8s (958 modules)
 ✓ Compiled in 1505ms (958 modules)
 ✓ Compiled in 2.1s (958 modules)
 ✓ Compiled in 3.1s (958 modules)
 ✓ Compiled in 1899ms (958 modules)
 ✓ Compiled in 3.2s (958 modules)
 ✓ Compiled in 1578ms (958 modules)
 ✓ Compiled in 1836ms (958 modules)
 ✓ Compiled in 1614ms (958 modules)
 ✓ Compiled in 1790ms (958 modules)
 ✓ Compiled in 1845ms (958 modules)
 ✓ Compiled in 1688ms (958 modules)
 ✓ Compiled in 1452ms (958 modules)
 ✓ Compiled in 1305ms (958 modules)
 ✓ Compiled in 2.1s (958 modules)
 ✓ Compiled in 2.2s (958 modules)
 ✓ Compiled in 1370ms (958 modules)
 ✓ Compiled in 1602ms (958 modules)
 ✓ Compiled in 1798ms (958 modules)
 ✓ Compiled in 1174ms (958 modules)
 ✓ Compiled in 1199ms (958 modules)
 ✓ Compiled in 1723ms (958 modules)
 ✓ Compiled in 971ms (958 modules)
 ✓ Compiled in 2.2s (958 modules)
 ✓ Compiled in 1749ms (958 modules)
 ✓ Compiled in 3.3s (958 modules)
 ✓ Compiled in 2.5s (958 modules)
 ✓ Compiled in 2.6s (958 modules)
 ⚠ Found a change in next.config.js. Restarting the server to apply the changes...
   ▲ Next.js 15.1.3
   - Local:        http://localhost:3000
   - Network:      http://192.168.1.193:3000
   - Environments: .env.local, .env
   - Experiments (use with caution):
     · turbo
     · reactCompiler
     · webpackMemoryOptimizations

 ✓ Starting...
 ⚠ Invalid next.config.js options detected: 
 ⚠     Expected object, received boolean at "experimental.turbo"
 ⚠ See more info here: https://nextjs.org/docs/messages/invalid-next-config
 ✓ Ready in 9.1s
   Reload env: .env.local
   Reload env: .env
 ○ Compiling /api/availability ...
 ✓ Compiled /api/availability in 13.1s (707 modules)
[AVAILABILITY API] Starting request processing: 2025-06-29T16:52:20.863Z
[AVAILABILITY API] Query params: {
  date: '2025-07-04',
  serviceId: 'cmb8ovso10000ve9xwvtf0my0',
  duration: null,
  timezone: undefined
}
prisma:query SELECT "public"."BusinessSettings"."id", "public"."BusinessSettings"."key", "public"."BusinessSettings"."value", "public"."BusinessSettings"."dataType", "public"."BusinessSettings"."description", "public"."BusinessSettings"."category", "public"."BusinessSettings"."updatedAt", "public"."BusinessSettings"."updatedById" FROM "public"."BusinessSettings" WHERE "public"."BusinessSettings"."category" = $1 OFFSET $2
[AVAILABILITY API] Business timezone: America/Chicago
[AVAILABILITY API] Looking up service: cmb8ovso10000ve9xwvtf0my0
prisma:query SELECT "public"."Service"."id", "public"."Service"."name", "public"."Service"."description", "public"."Service"."serviceType"::text, "public"."Service"."durationMinutes", "public"."Service"."basePrice", "public"."Service"."isActive", "public"."Service"."requiresDeposit", "public"."Service"."depositAmount", "public"."Service"."createdAt", "public"."Service"."updatedAt", "public"."Service"."externalCalendarId" FROM "public"."Service" WHERE ("public"."Service"."id" = $1 AND 1=1) LIMIT $2 OFFSET $3
[AVAILABILITY API] Service found: Standard Mobile Notary
[DEBUG] Date: 2025-07-04 Day of week: 5
[DEBUG] Business settings keys: []
[DEBUG] Business hours result: { startTime: '09:00', endTime: '17:00', dayOfWeek: 5 }
prisma:query SELECT "public"."Booking"."id", "public"."Booking"."signerId", "public"."Booking"."serviceId", "public"."Booking"."notaryId", "public"."Booking"."scheduledDateTime", "public"."Booking"."actualEndDateTime", "public"."Booking"."status"::text, "public"."Booking"."locationType"::text, "public"."Booking"."addressStreet", "public"."Booking"."addressCity", "public"."Booking"."addressState", "public"."Booking"."addressZip", "public"."Booking"."locationNotes", "public"."Booking"."priceAtBooking", "public"."Booking"."notes", "public"."Booking"."dailyRoomUrl", "public"."Booking"."dailyRecordingId", "public"."Booking"."kbaStatus", "public"."Booking"."idVerificationStatus", "public"."Booking"."notaryJournalEntry", "public"."Booking"."createdAt", "public"."Booking"."updatedAt", "public"."Booking"."confirmationEmailSentAt", "public"."Booking"."confirmationSmsSentAt", "public"."Booking"."followUpSentAt", "public"."Booking"."lastReminderSentAt", "public"."Booking"."noShowCheckPerformedAt", "public"."Booking"."reminder1hrSentAt", "public"."Booking"."reminder24hrSentAt", "public"."Booking"."reminder2hrSentAt", "public"."Booking"."depositAmount", "public"."Booking"."depositStatus"::text, "public"."Booking"."googleCalendarEventId", "public"."Booking"."promoCodeDiscount", "public"."Booking"."promoCodeId", "public"."Booking"."campaignName", "public"."Booking"."customerEmail", "public"."Booking"."ghlContactId", "public"."Booking"."leadSource", "public"."Booking"."stripePaymentUrl", "public"."Booking"."workflowId", "public"."Booking"."witness_type"::text, "public"."Booking"."witness_fee", "public"."Booking"."mileage_miles", "public"."Booking"."mileage_fee", "public"."Booking"."urgency_level", "public"."Booking"."urgency_fee", "public"."Booking"."estimated_completion_time", "public"."Booking"."notary_travel_time_minutes", "public"."Booking"."google_maps_distance_matrix", "public"."Booking"."service_area_id" FROM "public"."Booking" WHERE ("public"."Booking"."scheduledDateTime" >= $1 AND "public"."Booking"."scheduledDateTime" <= $2 AND "public"."Booking"."status" NOT IN (CAST($3::text AS "public"."BookingStatus"),CAST($4::text AS "public"."BookingStatus"),CAST($5::text AS "public"."BookingStatus"),CAST($6::text AS "public"."BookingStatus"))) OFFSET $7
[AVAILABILITY API] Calculated 14 time slots
 GET /api/availability?date=2025-07-04&serviceId=cmb8ovso10000ve9xwvtf0my0 200 in 16515ms
