
> hmnp-site@0.1.0 start:prod-dev /home/fleece-johnson/HMNP-Site/hmnp-site
> NODE_ENV=production next dev

 ⚠ You are using a non-standard "NODE_ENV" value in your environment. This creates inconsistencies in the project and is strongly advised against. Read more: https://nextjs.org/docs/messages/non-standard-node-env
   ▲ Next.js 15.1.3
   - Local:        http://localhost:3000
   - Network:      http://192.168.1.193:3000
   - Environments: .env.local, .env
   - Experiments (use with caution):
     · turbo
     · reactCompiler
     · webpackMemoryOptimizations

 ✓ Starting...
 ⚠ Invalid next.config.js options detected: 
 ⚠     Expected object, received boolean at "experimental.turbo"
 ⚠ See more info here: https://nextjs.org/docs/messages/invalid-next-config
 ✓ Ready in 6.3s
 ○ Compiling /api/health ...
 ✓ Compiled /api/health in 8.3s (710 modules)
[32m{"level":"info","message":"Health check initiated","metadata":{"ip":"::1","userAgent":"curl/8.5.0"},"requestId":"health-1751212714921-iawz3jt4w","service":"health-check","timestamp":"2025-06-29T15:58:34.923Z"}[39m
[32m{"level":"info","message":"Health check completed","metadata":{"dbResponseTime":917,"redisResponseTime":0,"responseTime":927,"status":"healthy"},"requestId":"health-1751212714921-iawz3jt4w","service":"health-check","timestamp":"2025-06-29T15:58:35.849Z"}[39m
 GET /api/health 200 in 10178ms
 ○ Compiling /api/availability ...
 ✓ Compiled /api/availability in 6.3s (1042 modules)
[AVAILABILITY API] Starting request processing: 2025-06-29T15:58:53.685Z
[AVAILABILITY API] Query params: {
  date: '2025-07-02',
  serviceId: 'cmb8p8ww20003veixccludati',
  duration: null,
  timezone: undefined
}
prisma:query SELECT "public"."BusinessSettings"."id", "public"."BusinessSettings"."key", "public"."BusinessSettings"."value", "public"."BusinessSettings"."dataType", "public"."BusinessSettings"."description", "public"."BusinessSettings"."category", "public"."BusinessSettings"."updatedAt", "public"."BusinessSettings"."updatedById" FROM "public"."BusinessSettings" WHERE "public"."BusinessSettings"."category" = $1 OFFSET $2
[AVAILABILITY API] Business timezone: America/Chicago
[AVAILABILITY API] Looking up service: cmb8p8ww20003veixccludati
prisma:query SELECT "public"."Service"."id", "public"."Service"."name", "public"."Service"."description", "public"."Service"."serviceType"::text, "public"."Service"."durationMinutes", "public"."Service"."basePrice", "public"."Service"."isActive", "public"."Service"."requiresDeposit", "public"."Service"."depositAmount", "public"."Service"."createdAt", "public"."Service"."updatedAt", "public"."Service"."externalCalendarId" FROM "public"."Service" WHERE ("public"."Service"."id" = $1 AND 1=1) LIMIT $2 OFFSET $3
[AVAILABILITY API] Service found: Priority Mobile Notary (Rush)
[DEBUG] Date: 2025-07-02 Day of week: 3
[DEBUG] Business settings keys: []
[DEBUG] Business hours result: { startTime: '09:00', endTime: '17:00', dayOfWeek: 3 }
prisma:query SELECT "public"."Booking"."id", "public"."Booking"."signerId", "public"."Booking"."serviceId", "public"."Booking"."notaryId", "public"."Booking"."scheduledDateTime", "public"."Booking"."actualEndDateTime", "public"."Booking"."status"::text, "public"."Booking"."locationType"::text, "public"."Booking"."addressStreet", "public"."Booking"."addressCity", "public"."Booking"."addressState", "public"."Booking"."addressZip", "public"."Booking"."locationNotes", "public"."Booking"."priceAtBooking", "public"."Booking"."notes", "public"."Booking"."dailyRoomUrl", "public"."Booking"."dailyRecordingId", "public"."Booking"."kbaStatus", "public"."Booking"."idVerificationStatus", "public"."Booking"."notaryJournalEntry", "public"."Booking"."createdAt", "public"."Booking"."updatedAt", "public"."Booking"."confirmationEmailSentAt", "public"."Booking"."confirmationSmsSentAt", "public"."Booking"."followUpSentAt", "public"."Booking"."lastReminderSentAt", "public"."Booking"."noShowCheckPerformedAt", "public"."Booking"."reminder1hrSentAt", "public"."Booking"."reminder24hrSentAt", "public"."Booking"."reminder2hrSentAt", "public"."Booking"."depositAmount", "public"."Booking"."depositStatus"::text, "public"."Booking"."googleCalendarEventId", "public"."Booking"."promoCodeDiscount", "public"."Booking"."promoCodeId", "public"."Booking"."campaignName", "public"."Booking"."customerEmail", "public"."Booking"."ghlContactId", "public"."Booking"."leadSource", "public"."Booking"."stripePaymentUrl", "public"."Booking"."workflowId", "public"."Booking"."witness_type"::text, "public"."Booking"."witness_fee", "public"."Booking"."mileage_miles", "public"."Booking"."mileage_fee", "public"."Booking"."urgency_level", "public"."Booking"."urgency_fee", "public"."Booking"."estimated_completion_time", "public"."Booking"."notary_travel_time_minutes", "public"."Booking"."google_maps_distance_matrix", "public"."Booking"."service_area_id" FROM "public"."Booking" WHERE ("public"."Booking"."scheduledDateTime" >= $1 AND "public"."Booking"."scheduledDateTime" <= $2 AND "public"."Booking"."status" NOT IN (CAST($3::text AS "public"."BookingStatus"),CAST($4::text AS "public"."BookingStatus"),CAST($5::text AS "public"."BookingStatus"),CAST($6::text AS "public"."BookingStatus"))) OFFSET $7
[AVAILABILITY API] Calculated 14 time slots
 GET /api/availability?date=2025-07-02&serviceId=cmb8p8ww20003veixccludati 200 in 7844ms
 ○ Compiling /api/services ...
 ✓ Compiled /api/services in 2.3s (1045 modules)
prisma:query SELECT 1
prisma:query SELECT 1
prisma:query SELECT COUNT(*) AS "_count._all" FROM (SELECT "public"."Service"."id" FROM "public"."Service" WHERE 1=1 OFFSET $1) AS "sub"
prisma:query SELECT COUNT(*) AS "_count._all" FROM (SELECT "public"."Service"."id" FROM "public"."Service" WHERE "public"."Service"."isActive" = $1 OFFSET $2) AS "sub"
prisma:query SELECT "public"."Service"."id", "public"."Service"."name", "public"."Service"."description", "public"."Service"."serviceType"::text, "public"."Service"."durationMinutes", "public"."Service"."basePrice", "public"."Service"."requiresDeposit", "public"."Service"."depositAmount", "public"."Service"."externalCalendarId", "public"."Service"."isActive", "public"."Service"."createdAt", "public"."Service"."updatedAt" FROM "public"."Service" WHERE "public"."Service"."isActive" = $1 ORDER BY "public"."Service"."serviceType" ASC, "public"."Service"."name" ASC OFFSET $2
 GET /api/services 200 in 3298ms
[AVAILABILITY API] Starting request processing: 2025-06-29T15:59:44.159Z
[AVAILABILITY API] Query params: {
  date: '2025-07-02',
  serviceId: 'cmb8p8ww20003veixccludati',
  duration: null,
  timezone: undefined
}
prisma:query SELECT "public"."BusinessSettings"."id", "public"."BusinessSettings"."key", "public"."BusinessSettings"."value", "public"."BusinessSettings"."dataType", "public"."BusinessSettings"."description", "public"."BusinessSettings"."category", "public"."BusinessSettings"."updatedAt", "public"."BusinessSettings"."updatedById" FROM "public"."BusinessSettings" WHERE "public"."BusinessSettings"."category" = $1 OFFSET $2
[AVAILABILITY API] Business timezone: America/Chicago
[AVAILABILITY API] Looking up service: cmb8p8ww20003veixccludati
prisma:query SELECT "public"."Service"."id", "public"."Service"."name", "public"."Service"."description", "public"."Service"."serviceType"::text, "public"."Service"."durationMinutes", "public"."Service"."basePrice", "public"."Service"."isActive", "public"."Service"."requiresDeposit", "public"."Service"."depositAmount", "public"."Service"."createdAt", "public"."Service"."updatedAt", "public"."Service"."externalCalendarId" FROM "public"."Service" WHERE ("public"."Service"."id" = $1 AND 1=1) LIMIT $2 OFFSET $3
[AVAILABILITY API] Service found: Priority Mobile Notary (Rush)
[DEBUG] Date: 2025-07-02 Day of week: 3
[DEBUG] Business settings keys: []
[DEBUG] Business hours result: { startTime: '09:00', endTime: '17:00', dayOfWeek: 3 }
prisma:query SELECT "public"."Booking"."id", "public"."Booking"."signerId", "public"."Booking"."serviceId", "public"."Booking"."notaryId", "public"."Booking"."scheduledDateTime", "public"."Booking"."actualEndDateTime", "public"."Booking"."status"::text, "public"."Booking"."locationType"::text, "public"."Booking"."addressStreet", "public"."Booking"."addressCity", "public"."Booking"."addressState", "public"."Booking"."addressZip", "public"."Booking"."locationNotes", "public"."Booking"."priceAtBooking", "public"."Booking"."notes", "public"."Booking"."dailyRoomUrl", "public"."Booking"."dailyRecordingId", "public"."Booking"."kbaStatus", "public"."Booking"."idVerificationStatus", "public"."Booking"."notaryJournalEntry", "public"."Booking"."createdAt", "public"."Booking"."updatedAt", "public"."Booking"."confirmationEmailSentAt", "public"."Booking"."confirmationSmsSentAt", "public"."Booking"."followUpSentAt", "public"."Booking"."lastReminderSentAt", "public"."Booking"."noShowCheckPerformedAt", "public"."Booking"."reminder1hrSentAt", "public"."Booking"."reminder24hrSentAt", "public"."Booking"."reminder2hrSentAt", "public"."Booking"."depositAmount", "public"."Booking"."depositStatus"::text, "public"."Booking"."googleCalendarEventId", "public"."Booking"."promoCodeDiscount", "public"."Booking"."promoCodeId", "public"."Booking"."campaignName", "public"."Booking"."customerEmail", "public"."Booking"."ghlContactId", "public"."Booking"."leadSource", "public"."Booking"."stripePaymentUrl", "public"."Booking"."workflowId", "public"."Booking"."witness_type"::text, "public"."Booking"."witness_fee", "public"."Booking"."mileage_miles", "public"."Booking"."mileage_fee", "public"."Booking"."urgency_level", "public"."Booking"."urgency_fee", "public"."Booking"."estimated_completion_time", "public"."Booking"."notary_travel_time_minutes", "public"."Booking"."google_maps_distance_matrix", "public"."Booking"."service_area_id" FROM "public"."Booking" WHERE ("public"."Booking"."scheduledDateTime" >= $1 AND "public"."Booking"."scheduledDateTime" <= $2 AND "public"."Booking"."status" NOT IN (CAST($3::text AS "public"."BookingStatus"),CAST($4::text AS "public"."BookingStatus"),CAST($5::text AS "public"."BookingStatus"),CAST($6::text AS "public"."BookingStatus"))) OFFSET $7
[AVAILABILITY API] Calculated 14 time slots
 GET /api/availability?date=2025-07-02&serviceId=cmb8p8ww20003veixccludati 200 in 1049ms
prisma:query SELECT 1
prisma:query SELECT COUNT(*) AS "_count._all" FROM (SELECT "public"."Service"."id" FROM "public"."Service" WHERE 1=1 OFFSET $1) AS "sub"
prisma:query SELECT COUNT(*) AS "_count._all" FROM (SELECT "public"."Service"."id" FROM "public"."Service" WHERE "public"."Service"."isActive" = $1 OFFSET $2) AS "sub"
prisma:query SELECT "public"."Service"."id", "public"."Service"."name", "public"."Service"."description", "public"."Service"."serviceType"::text, "public"."Service"."durationMinutes", "public"."Service"."basePrice", "public"."Service"."requiresDeposit", "public"."Service"."depositAmount", "public"."Service"."externalCalendarId", "public"."Service"."isActive", "public"."Service"."createdAt", "public"."Service"."updatedAt" FROM "public"."Service" WHERE "public"."Service"."isActive" = $1 ORDER BY "public"."Service"."serviceType" ASC, "public"."Service"."name" ASC OFFSET $2
 GET /api/services 200 in 428ms
prisma:query SELECT 1
prisma:query SELECT COUNT(*) AS "_count._all" FROM (SELECT "public"."Service"."id" FROM "public"."Service" WHERE 1=1 OFFSET $1) AS "sub"
prisma:query SELECT COUNT(*) AS "_count._all" FROM (SELECT "public"."Service"."id" FROM "public"."Service" WHERE "public"."Service"."isActive" = $1 OFFSET $2) AS "sub"
prisma:query SELECT "public"."Service"."id", "public"."Service"."name", "public"."Service"."description", "public"."Service"."serviceType"::text, "public"."Service"."durationMinutes", "public"."Service"."basePrice", "public"."Service"."requiresDeposit", "public"."Service"."depositAmount", "public"."Service"."externalCalendarId", "public"."Service"."isActive", "public"."Service"."createdAt", "public"."Service"."updatedAt" FROM "public"."Service" WHERE "public"."Service"."isActive" = $1 ORDER BY "public"."Service"."serviceType" ASC, "public"."Service"."name" ASC OFFSET $2
 GET /api/services 200 in 1457ms
[AVAILABILITY API] Starting request processing: 2025-06-29T16:01:21.162Z
[AVAILABILITY API] Query params: {
  date: '2025-07-02',
  serviceId: 'cmb8p8ww20003veixccludati',
  duration: null,
  timezone: undefined
}
prisma:query SELECT "public"."BusinessSettings"."id", "public"."BusinessSettings"."key", "public"."BusinessSettings"."value", "public"."BusinessSettings"."dataType", "public"."BusinessSettings"."description", "public"."BusinessSettings"."category", "public"."BusinessSettings"."updatedAt", "public"."BusinessSettings"."updatedById" FROM "public"."BusinessSettings" WHERE "public"."BusinessSettings"."category" = $1 OFFSET $2
[AVAILABILITY API] Business timezone: America/Chicago
[AVAILABILITY API] Looking up service: cmb8p8ww20003veixccludati
prisma:query SELECT "public"."Service"."id", "public"."Service"."name", "public"."Service"."description", "public"."Service"."serviceType"::text, "public"."Service"."durationMinutes", "public"."Service"."basePrice", "public"."Service"."isActive", "public"."Service"."requiresDeposit", "public"."Service"."depositAmount", "public"."Service"."createdAt", "public"."Service"."updatedAt", "public"."Service"."externalCalendarId" FROM "public"."Service" WHERE ("public"."Service"."id" = $1 AND 1=1) LIMIT $2 OFFSET $3
[AVAILABILITY API] Service found: Priority Mobile Notary (Rush)
[DEBUG] Date: 2025-07-02 Day of week: 3
[DEBUG] Business settings keys: []
[DEBUG] Business hours result: { startTime: '09:00', endTime: '17:00', dayOfWeek: 3 }
prisma:query SELECT "public"."Booking"."id", "public"."Booking"."signerId", "public"."Booking"."serviceId", "public"."Booking"."notaryId", "public"."Booking"."scheduledDateTime", "public"."Booking"."actualEndDateTime", "public"."Booking"."status"::text, "public"."Booking"."locationType"::text, "public"."Booking"."addressStreet", "public"."Booking"."addressCity", "public"."Booking"."addressState", "public"."Booking"."addressZip", "public"."Booking"."locationNotes", "public"."Booking"."priceAtBooking", "public"."Booking"."notes", "public"."Booking"."dailyRoomUrl", "public"."Booking"."dailyRecordingId", "public"."Booking"."kbaStatus", "public"."Booking"."idVerificationStatus", "public"."Booking"."notaryJournalEntry", "public"."Booking"."createdAt", "public"."Booking"."updatedAt", "public"."Booking"."confirmationEmailSentAt", "public"."Booking"."confirmationSmsSentAt", "public"."Booking"."followUpSentAt", "public"."Booking"."lastReminderSentAt", "public"."Booking"."noShowCheckPerformedAt", "public"."Booking"."reminder1hrSentAt", "public"."Booking"."reminder24hrSentAt", "public"."Booking"."reminder2hrSentAt", "public"."Booking"."depositAmount", "public"."Booking"."depositStatus"::text, "public"."Booking"."googleCalendarEventId", "public"."Booking"."promoCodeDiscount", "public"."Booking"."promoCodeId", "public"."Booking"."campaignName", "public"."Booking"."customerEmail", "public"."Booking"."ghlContactId", "public"."Booking"."leadSource", "public"."Booking"."stripePaymentUrl", "public"."Booking"."workflowId", "public"."Booking"."witness_type"::text, "public"."Booking"."witness_fee", "public"."Booking"."mileage_miles", "public"."Booking"."mileage_fee", "public"."Booking"."urgency_level", "public"."Booking"."urgency_fee", "public"."Booking"."estimated_completion_time", "public"."Booking"."notary_travel_time_minutes", "public"."Booking"."google_maps_distance_matrix", "public"."Booking"."service_area_id" FROM "public"."Booking" WHERE ("public"."Booking"."scheduledDateTime" >= $1 AND "public"."Booking"."scheduledDateTime" <= $2 AND "public"."Booking"."status" NOT IN (CAST($3::text AS "public"."BookingStatus"),CAST($4::text AS "public"."BookingStatus"),CAST($5::text AS "public"."BookingStatus"),CAST($6::text AS "public"."BookingStatus"))) OFFSET $7
[AVAILABILITY API] Calculated 14 time slots
 GET /api/availability?date=2025-07-02&serviceId=cmb8p8ww20003veixccludati 200 in 1314ms
[32m{"level":"info","message":"Health check initiated","metadata":{"ip":"::1","userAgent":"curl/8.5.0"},"requestId":"health-1751212886677-kkqg1k53a","service":"health-check","timestamp":"2025-06-29T16:01:26.677Z"}[39m
[32m{"level":"info","message":"Health check completed","metadata":{"dbResponseTime":710,"redisResponseTime":0,"responseTime":725,"status":"healthy"},"requestId":"health-1751212886677-kkqg1k53a","service":"health-check","timestamp":"2025-06-29T16:01:27.401Z"}[39m
 GET /api/health 200 in 1264ms
[AVAILABILITY API] Starting request processing: 2025-06-29T16:01:30.527Z
[AVAILABILITY API] Query params: {
  date: '2025-07-02',
  serviceId: 'cmb8ovso10000ve9xwvtf0my0',
  duration: null,
  timezone: undefined
}
prisma:query SELECT "public"."BusinessSettings"."id", "public"."BusinessSettings"."key", "public"."BusinessSettings"."value", "public"."BusinessSettings"."dataType", "public"."BusinessSettings"."description", "public"."BusinessSettings"."category", "public"."BusinessSettings"."updatedAt", "public"."BusinessSettings"."updatedById" FROM "public"."BusinessSettings" WHERE "public"."BusinessSettings"."category" = $1 OFFSET $2
[AVAILABILITY API] Business timezone: America/Chicago
[AVAILABILITY API] Looking up service: cmb8ovso10000ve9xwvtf0my0
prisma:query SELECT "public"."Service"."id", "public"."Service"."name", "public"."Service"."description", "public"."Service"."serviceType"::text, "public"."Service"."durationMinutes", "public"."Service"."basePrice", "public"."Service"."isActive", "public"."Service"."requiresDeposit", "public"."Service"."depositAmount", "public"."Service"."createdAt", "public"."Service"."updatedAt", "public"."Service"."externalCalendarId" FROM "public"."Service" WHERE ("public"."Service"."id" = $1 AND 1=1) LIMIT $2 OFFSET $3
[AVAILABILITY API] Service found: Standard Mobile Notary
[DEBUG] Date: 2025-07-02 Day of week: 3
[DEBUG] Business settings keys: []
[DEBUG] Business hours result: { startTime: '09:00', endTime: '17:00', dayOfWeek: 3 }
prisma:query SELECT "public"."Booking"."id", "public"."Booking"."signerId", "public"."Booking"."serviceId", "public"."Booking"."notaryId", "public"."Booking"."scheduledDateTime", "public"."Booking"."actualEndDateTime", "public"."Booking"."status"::text, "public"."Booking"."locationType"::text, "public"."Booking"."addressStreet", "public"."Booking"."addressCity", "public"."Booking"."addressState", "public"."Booking"."addressZip", "public"."Booking"."locationNotes", "public"."Booking"."priceAtBooking", "public"."Booking"."notes", "public"."Booking"."dailyRoomUrl", "public"."Booking"."dailyRecordingId", "public"."Booking"."kbaStatus", "public"."Booking"."idVerificationStatus", "public"."Booking"."notaryJournalEntry", "public"."Booking"."createdAt", "public"."Booking"."updatedAt", "public"."Booking"."confirmationEmailSentAt", "public"."Booking"."confirmationSmsSentAt", "public"."Booking"."followUpSentAt", "public"."Booking"."lastReminderSentAt", "public"."Booking"."noShowCheckPerformedAt", "public"."Booking"."reminder1hrSentAt", "public"."Booking"."reminder24hrSentAt", "public"."Booking"."reminder2hrSentAt", "public"."Booking"."depositAmount", "public"."Booking"."depositStatus"::text, "public"."Booking"."googleCalendarEventId", "public"."Booking"."promoCodeDiscount", "public"."Booking"."promoCodeId", "public"."Booking"."campaignName", "public"."Booking"."customerEmail", "public"."Booking"."ghlContactId", "public"."Booking"."leadSource", "public"."Booking"."stripePaymentUrl", "public"."Booking"."workflowId", "public"."Booking"."witness_type"::text, "public"."Booking"."witness_fee", "public"."Booking"."mileage_miles", "public"."Booking"."mileage_fee", "public"."Booking"."urgency_level", "public"."Booking"."urgency_fee", "public"."Booking"."estimated_completion_time", "public"."Booking"."notary_travel_time_minutes", "public"."Booking"."google_maps_distance_matrix", "public"."Booking"."service_area_id" FROM "public"."Booking" WHERE ("public"."Booking"."scheduledDateTime" >= $1 AND "public"."Booking"."scheduledDateTime" <= $2 AND "public"."Booking"."status" NOT IN (CAST($3::text AS "public"."BookingStatus"),CAST($4::text AS "public"."BookingStatus"),CAST($5::text AS "public"."BookingStatus"),CAST($6::text AS "public"."BookingStatus"))) OFFSET $7
[AVAILABILITY API] Calculated 14 time slots
 GET /api/availability?date=2025-07-02&serviceId=cmb8ovso10000ve9xwvtf0my0 200 in 460ms
[AVAILABILITY API] Starting request processing: 2025-06-29T16:01:45.956Z
[AVAILABILITY API] Query params: {
  date: '2025-07-02',
  serviceId: 'cmb8p8ww20003veixccludati',
  duration: null,
  timezone: undefined
}
prisma:query SELECT 1
prisma:query SELECT "public"."BusinessSettings"."id", "public"."BusinessSettings"."key", "public"."BusinessSettings"."value", "public"."BusinessSettings"."dataType", "public"."BusinessSettings"."description", "public"."BusinessSettings"."category", "public"."BusinessSettings"."updatedAt", "public"."BusinessSettings"."updatedById" FROM "public"."BusinessSettings" WHERE "public"."BusinessSettings"."category" = $1 OFFSET $2
[AVAILABILITY API] Business timezone: America/Chicago
[AVAILABILITY API] Looking up service: cmb8p8ww20003veixccludati
prisma:query SELECT "public"."Service"."id", "public"."Service"."name", "public"."Service"."description", "public"."Service"."serviceType"::text, "public"."Service"."durationMinutes", "public"."Service"."basePrice", "public"."Service"."isActive", "public"."Service"."requiresDeposit", "public"."Service"."depositAmount", "public"."Service"."createdAt", "public"."Service"."updatedAt", "public"."Service"."externalCalendarId" FROM "public"."Service" WHERE ("public"."Service"."id" = $1 AND 1=1) LIMIT $2 OFFSET $3
[AVAILABILITY API] Service found: Priority Mobile Notary (Rush)
[DEBUG] Date: 2025-07-02 Day of week: 3
[DEBUG] Business settings keys: []
[DEBUG] Business hours result: { startTime: '09:00', endTime: '17:00', dayOfWeek: 3 }
prisma:query SELECT "public"."Booking"."id", "public"."Booking"."signerId", "public"."Booking"."serviceId", "public"."Booking"."notaryId", "public"."Booking"."scheduledDateTime", "public"."Booking"."actualEndDateTime", "public"."Booking"."status"::text, "public"."Booking"."locationType"::text, "public"."Booking"."addressStreet", "public"."Booking"."addressCity", "public"."Booking"."addressState", "public"."Booking"."addressZip", "public"."Booking"."locationNotes", "public"."Booking"."priceAtBooking", "public"."Booking"."notes", "public"."Booking"."dailyRoomUrl", "public"."Booking"."dailyRecordingId", "public"."Booking"."kbaStatus", "public"."Booking"."idVerificationStatus", "public"."Booking"."notaryJournalEntry", "public"."Booking"."createdAt", "public"."Booking"."updatedAt", "public"."Booking"."confirmationEmailSentAt", "public"."Booking"."confirmationSmsSentAt", "public"."Booking"."followUpSentAt", "public"."Booking"."lastReminderSentAt", "public"."Booking"."noShowCheckPerformedAt", "public"."Booking"."reminder1hrSentAt", "public"."Booking"."reminder24hrSentAt", "public"."Booking"."reminder2hrSentAt", "public"."Booking"."depositAmount", "public"."Booking"."depositStatus"::text, "public"."Booking"."googleCalendarEventId", "public"."Booking"."promoCodeDiscount", "public"."Booking"."promoCodeId", "public"."Booking"."campaignName", "public"."Booking"."customerEmail", "public"."Booking"."ghlContactId", "public"."Booking"."leadSource", "public"."Booking"."stripePaymentUrl", "public"."Booking"."workflowId", "public"."Booking"."witness_type"::text, "public"."Booking"."witness_fee", "public"."Booking"."mileage_miles", "public"."Booking"."mileage_fee", "public"."Booking"."urgency_level", "public"."Booking"."urgency_fee", "public"."Booking"."estimated_completion_time", "public"."Booking"."notary_travel_time_minutes", "public"."Booking"."google_maps_distance_matrix", "public"."Booking"."service_area_id" FROM "public"."Booking" WHERE ("public"."Booking"."scheduledDateTime" >= $1 AND "public"."Booking"."scheduledDateTime" <= $2 AND "public"."Booking"."status" NOT IN (CAST($3::text AS "public"."BookingStatus"),CAST($4::text AS "public"."BookingStatus"),CAST($5::text AS "public"."BookingStatus"),CAST($6::text AS "public"."BookingStatus"))) OFFSET $7
[AVAILABILITY API] Calculated 14 time slots
 GET /api/availability?date=2025-07-02&serviceId=cmb8p8ww20003veixccludati 200 in 379ms
[AVAILABILITY API] Starting request processing: 2025-06-29T16:01:47.426Z
[AVAILABILITY API] Query params: {
  date: '2025-07-02',
  serviceId: 'cmb8ovso10000ve9xwvtf0my0',
  duration: null,
  timezone: undefined
}
prisma:query SELECT "public"."BusinessSettings"."id", "public"."BusinessSettings"."key", "public"."BusinessSettings"."value", "public"."BusinessSettings"."dataType", "public"."BusinessSettings"."description", "public"."BusinessSettings"."category", "public"."BusinessSettings"."updatedAt", "public"."BusinessSettings"."updatedById" FROM "public"."BusinessSettings" WHERE "public"."BusinessSettings"."category" = $1 OFFSET $2
[AVAILABILITY API] Business timezone: America/Chicago
[AVAILABILITY API] Looking up service: cmb8ovso10000ve9xwvtf0my0
prisma:query SELECT "public"."Service"."id", "public"."Service"."name", "public"."Service"."description", "public"."Service"."serviceType"::text, "public"."Service"."durationMinutes", "public"."Service"."basePrice", "public"."Service"."isActive", "public"."Service"."requiresDeposit", "public"."Service"."depositAmount", "public"."Service"."createdAt", "public"."Service"."updatedAt", "public"."Service"."externalCalendarId" FROM "public"."Service" WHERE ("public"."Service"."id" = $1 AND 1=1) LIMIT $2 OFFSET $3
[AVAILABILITY API] Service found: Standard Mobile Notary
[DEBUG] Date: 2025-07-02 Day of week: 3
[DEBUG] Business settings keys: []
[DEBUG] Business hours result: { startTime: '09:00', endTime: '17:00', dayOfWeek: 3 }
prisma:query SELECT "public"."Booking"."id", "public"."Booking"."signerId", "public"."Booking"."serviceId", "public"."Booking"."notaryId", "public"."Booking"."scheduledDateTime", "public"."Booking"."actualEndDateTime", "public"."Booking"."status"::text, "public"."Booking"."locationType"::text, "public"."Booking"."addressStreet", "public"."Booking"."addressCity", "public"."Booking"."addressState", "public"."Booking"."addressZip", "public"."Booking"."locationNotes", "public"."Booking"."priceAtBooking", "public"."Booking"."notes", "public"."Booking"."dailyRoomUrl", "public"."Booking"."dailyRecordingId", "public"."Booking"."kbaStatus", "public"."Booking"."idVerificationStatus", "public"."Booking"."notaryJournalEntry", "public"."Booking"."createdAt", "public"."Booking"."updatedAt", "public"."Booking"."confirmationEmailSentAt", "public"."Booking"."confirmationSmsSentAt", "public"."Booking"."followUpSentAt", "public"."Booking"."lastReminderSentAt", "public"."Booking"."noShowCheckPerformedAt", "public"."Booking"."reminder1hrSentAt", "public"."Booking"."reminder24hrSentAt", "public"."Booking"."reminder2hrSentAt", "public"."Booking"."depositAmount", "public"."Booking"."depositStatus"::text, "public"."Booking"."googleCalendarEventId", "public"."Booking"."promoCodeDiscount", "public"."Booking"."promoCodeId", "public"."Booking"."campaignName", "public"."Booking"."customerEmail", "public"."Booking"."ghlContactId", "public"."Booking"."leadSource", "public"."Booking"."stripePaymentUrl", "public"."Booking"."workflowId", "public"."Booking"."witness_type"::text, "public"."Booking"."witness_fee", "public"."Booking"."mileage_miles", "public"."Booking"."mileage_fee", "public"."Booking"."urgency_level", "public"."Booking"."urgency_fee", "public"."Booking"."estimated_completion_time", "public"."Booking"."notary_travel_time_minutes", "public"."Booking"."google_maps_distance_matrix", "public"."Booking"."service_area_id" FROM "public"."Booking" WHERE ("public"."Booking"."scheduledDateTime" >= $1 AND "public"."Booking"."scheduledDateTime" <= $2 AND "public"."Booking"."status" NOT IN (CAST($3::text AS "public"."BookingStatus"),CAST($4::text AS "public"."BookingStatus"),CAST($5::text AS "public"."BookingStatus"),CAST($6::text AS "public"."BookingStatus"))) OFFSET $7
[AVAILABILITY API] Calculated 14 time slots
 GET /api/availability?date=2025-07-02&serviceId=cmb8ovso10000ve9xwvtf0my0 200 in 326ms
[32m{"level":"info","message":"Health check initiated","metadata":{"ip":"::1","userAgent":"curl/8.5.0"},"requestId":"health-1751213233755-7vlv1xrp9","service":"health-check","timestamp":"2025-06-29T16:07:13.755Z"}[39m
[32m{"level":"info","message":"Health check completed","metadata":{"dbResponseTime":418,"redisResponseTime":0,"responseTime":421,"status":"healthy"},"requestId":"health-1751213233755-7vlv1xrp9","service":"health-check","timestamp":"2025-06-29T16:07:14.176Z"}[39m
 GET /api/health 200 in 566ms
prisma:query SELECT 1
prisma:query SELECT COUNT(*) AS "_count._all" FROM (SELECT "public"."Service"."id" FROM "public"."Service" WHERE 1=1 OFFSET $1) AS "sub"
prisma:query SELECT COUNT(*) AS "_count._all" FROM (SELECT "public"."Service"."id" FROM "public"."Service" WHERE "public"."Service"."isActive" = $1 OFFSET $2) AS "sub"
prisma:query SELECT "public"."Service"."id", "public"."Service"."name", "public"."Service"."description", "public"."Service"."serviceType"::text, "public"."Service"."durationMinutes", "public"."Service"."basePrice", "public"."Service"."requiresDeposit", "public"."Service"."depositAmount", "public"."Service"."externalCalendarId", "public"."Service"."isActive", "public"."Service"."createdAt", "public"."Service"."updatedAt" FROM "public"."Service" WHERE "public"."Service"."isActive" = $1 ORDER BY "public"."Service"."serviceType" ASC, "public"."Service"."name" ASC OFFSET $2
 GET /api/services 200 in 738ms
[AVAILABILITY API] Starting request processing: 2025-06-29T16:07:32.043Z
[AVAILABILITY API] Query params: {
  date: '2025-07-02',
  serviceId: 'cmb8p8ww20003veixccludati',
  duration: null,
  timezone: undefined
}
prisma:query SELECT "public"."BusinessSettings"."id", "public"."BusinessSettings"."key", "public"."BusinessSettings"."value", "public"."BusinessSettings"."dataType", "public"."BusinessSettings"."description", "public"."BusinessSettings"."category", "public"."BusinessSettings"."updatedAt", "public"."BusinessSettings"."updatedById" FROM "public"."BusinessSettings" WHERE "public"."BusinessSettings"."category" = $1 OFFSET $2
[AVAILABILITY API] Business timezone: America/Chicago
[AVAILABILITY API] Looking up service: cmb8p8ww20003veixccludati
prisma:query SELECT "public"."Service"."id", "public"."Service"."name", "public"."Service"."description", "public"."Service"."serviceType"::text, "public"."Service"."durationMinutes", "public"."Service"."basePrice", "public"."Service"."isActive", "public"."Service"."requiresDeposit", "public"."Service"."depositAmount", "public"."Service"."createdAt", "public"."Service"."updatedAt", "public"."Service"."externalCalendarId" FROM "public"."Service" WHERE ("public"."Service"."id" = $1 AND 1=1) LIMIT $2 OFFSET $3
[AVAILABILITY API] Service found: Priority Mobile Notary (Rush)
[DEBUG] Date: 2025-07-02 Day of week: 3
[DEBUG] Business settings keys: []
[DEBUG] Business hours result: { startTime: '09:00', endTime: '17:00', dayOfWeek: 3 }
prisma:query SELECT "public"."Booking"."id", "public"."Booking"."signerId", "public"."Booking"."serviceId", "public"."Booking"."notaryId", "public"."Booking"."scheduledDateTime", "public"."Booking"."actualEndDateTime", "public"."Booking"."status"::text, "public"."Booking"."locationType"::text, "public"."Booking"."addressStreet", "public"."Booking"."addressCity", "public"."Booking"."addressState", "public"."Booking"."addressZip", "public"."Booking"."locationNotes", "public"."Booking"."priceAtBooking", "public"."Booking"."notes", "public"."Booking"."dailyRoomUrl", "public"."Booking"."dailyRecordingId", "public"."Booking"."kbaStatus", "public"."Booking"."idVerificationStatus", "public"."Booking"."notaryJournalEntry", "public"."Booking"."createdAt", "public"."Booking"."updatedAt", "public"."Booking"."confirmationEmailSentAt", "public"."Booking"."confirmationSmsSentAt", "public"."Booking"."followUpSentAt", "public"."Booking"."lastReminderSentAt", "public"."Booking"."noShowCheckPerformedAt", "public"."Booking"."reminder1hrSentAt", "public"."Booking"."reminder24hrSentAt", "public"."Booking"."reminder2hrSentAt", "public"."Booking"."depositAmount", "public"."Booking"."depositStatus"::text, "public"."Booking"."googleCalendarEventId", "public"."Booking"."promoCodeDiscount", "public"."Booking"."promoCodeId", "public"."Booking"."campaignName", "public"."Booking"."customerEmail", "public"."Booking"."ghlContactId", "public"."Booking"."leadSource", "public"."Booking"."stripePaymentUrl", "public"."Booking"."workflowId", "public"."Booking"."witness_type"::text, "public"."Booking"."witness_fee", "public"."Booking"."mileage_miles", "public"."Booking"."mileage_fee", "public"."Booking"."urgency_level", "public"."Booking"."urgency_fee", "public"."Booking"."estimated_completion_time", "public"."Booking"."notary_travel_time_minutes", "public"."Booking"."google_maps_distance_matrix", "public"."Booking"."service_area_id" FROM "public"."Booking" WHERE ("public"."Booking"."scheduledDateTime" >= $1 AND "public"."Booking"."scheduledDateTime" <= $2 AND "public"."Booking"."status" NOT IN (CAST($3::text AS "public"."BookingStatus"),CAST($4::text AS "public"."BookingStatus"),CAST($5::text AS "public"."BookingStatus"),CAST($6::text AS "public"."BookingStatus"))) OFFSET $7
[AVAILABILITY API] Calculated 14 time slots
 GET /api/availability?date=2025-07-02&serviceId=cmb8p8ww20003veixccludati 200 in 806ms
[AVAILABILITY API] Starting request processing: 2025-06-29T16:07:35.200Z
[AVAILABILITY API] Query params: {
  date: '2025-07-02',
  serviceId: 'cmb8p8ww20003veixccludati',
  duration: null,
  timezone: undefined
}
prisma:query SELECT "public"."BusinessSettings"."id", "public"."BusinessSettings"."key", "public"."BusinessSettings"."value", "public"."BusinessSettings"."dataType", "public"."BusinessSettings"."description", "public"."BusinessSettings"."category", "public"."BusinessSettings"."updatedAt", "public"."BusinessSettings"."updatedById" FROM "public"."BusinessSettings" WHERE "public"."BusinessSettings"."category" = $1 OFFSET $2
[AVAILABILITY API] Business timezone: America/Chicago
[AVAILABILITY API] Looking up service: cmb8p8ww20003veixccludati
prisma:query SELECT "public"."Service"."id", "public"."Service"."name", "public"."Service"."description", "public"."Service"."serviceType"::text, "public"."Service"."durationMinutes", "public"."Service"."basePrice", "public"."Service"."isActive", "public"."Service"."requiresDeposit", "public"."Service"."depositAmount", "public"."Service"."createdAt", "public"."Service"."updatedAt", "public"."Service"."externalCalendarId" FROM "public"."Service" WHERE ("public"."Service"."id" = $1 AND 1=1) LIMIT $2 OFFSET $3
[AVAILABILITY API] Service found: Priority Mobile Notary (Rush)
[DEBUG] Date: 2025-07-02 Day of week: 3
[DEBUG] Business settings keys: []
[DEBUG] Business hours result: { startTime: '09:00', endTime: '17:00', dayOfWeek: 3 }
prisma:query SELECT "public"."Booking"."id", "public"."Booking"."signerId", "public"."Booking"."serviceId", "public"."Booking"."notaryId", "public"."Booking"."scheduledDateTime", "public"."Booking"."actualEndDateTime", "public"."Booking"."status"::text, "public"."Booking"."locationType"::text, "public"."Booking"."addressStreet", "public"."Booking"."addressCity", "public"."Booking"."addressState", "public"."Booking"."addressZip", "public"."Booking"."locationNotes", "public"."Booking"."priceAtBooking", "public"."Booking"."notes", "public"."Booking"."dailyRoomUrl", "public"."Booking"."dailyRecordingId", "public"."Booking"."kbaStatus", "public"."Booking"."idVerificationStatus", "public"."Booking"."notaryJournalEntry", "public"."Booking"."createdAt", "public"."Booking"."updatedAt", "public"."Booking"."confirmationEmailSentAt", "public"."Booking"."confirmationSmsSentAt", "public"."Booking"."followUpSentAt", "public"."Booking"."lastReminderSentAt", "public"."Booking"."noShowCheckPerformedAt", "public"."Booking"."reminder1hrSentAt", "public"."Booking"."reminder24hrSentAt", "public"."Booking"."reminder2hrSentAt", "public"."Booking"."depositAmount", "public"."Booking"."depositStatus"::text, "public"."Booking"."googleCalendarEventId", "public"."Booking"."promoCodeDiscount", "public"."Booking"."promoCodeId", "public"."Booking"."campaignName", "public"."Booking"."customerEmail", "public"."Booking"."ghlContactId", "public"."Booking"."leadSource", "public"."Booking"."stripePaymentUrl", "public"."Booking"."workflowId", "public"."Booking"."witness_type"::text, "public"."Booking"."witness_fee", "public"."Booking"."mileage_miles", "public"."Booking"."mileage_fee", "public"."Booking"."urgency_level", "public"."Booking"."urgency_fee", "public"."Booking"."estimated_completion_time", "public"."Booking"."notary_travel_time_minutes", "public"."Booking"."google_maps_distance_matrix", "public"."Booking"."service_area_id" FROM "public"."Booking" WHERE ("public"."Booking"."scheduledDateTime" >= $1 AND "public"."Booking"."scheduledDateTime" <= $2 AND "public"."Booking"."status" NOT IN (CAST($3::text AS "public"."BookingStatus"),CAST($4::text AS "public"."BookingStatus"),CAST($5::text AS "public"."BookingStatus"),CAST($6::text AS "public"."BookingStatus"))) OFFSET $7
[AVAILABILITY API] Calculated 14 time slots
 GET /api/availability?date=2025-07-02&serviceId=cmb8p8ww20003veixccludati 200 in 247ms
 ○ Compiling / ...
 ⨯ ./app/globals.css
Module parse failed: Unexpected character '@' (1:0)
> @tailwind base;
| @tailwind components;
| @tailwind utilities;

Import trace for requested module:
./app/globals.css
./app/layout.tsx
 ⨯ ./app/globals.css
Module parse failed: Unexpected character '@' (1:0)
> @tailwind base;
| @tailwind components;
| @tailwind utilities;

Import trace for requested module:
./app/globals.css
./app/layout.tsx
 ✓ Compiled /_not-found in 1986ms (393 modules)
 ✓ Compiled in 3.9s (393 modules)
 ✓ Compiled in 2.8s (393 modules)
 ○ Compiling /_error ...
 ⨯ ./app/globals.css
Module parse failed: Unexpected character '@' (1:0)
> @tailwind base;
| @tailwind components;
| @tailwind utilities;

Import trace for requested module:
./app/globals.css
./app/layout.tsx
 GET / 500 in 70019ms
 ✓ Compiled /_error in 1711ms (589 modules)
 ○ Compiling /booking ...
 ⨯ ./app/globals.css
Module parse failed: Unexpected character '@' (1:0)
> @tailwind base;
| @tailwind components;
| @tailwind utilities;

Import trace for requested module:
./app/globals.css
./app/layout.tsx
 ⨯ ./app/globals.css
Module parse failed: Unexpected character '@' (1:0)
> @tailwind base;
| @tailwind components;
| @tailwind utilities;

Import trace for requested module:
./app/globals.css
./app/layout.tsx
 GET /booking 500 in 22974ms
 ✓ Compiled /booking in 2s (1154 modules)
 ✓ Compiled in 2.3s (1154 modules)
 ✓ Compiled in 2s (1154 modules)
 ✓ Compiled in 1589ms (1154 modules)
 ⨯ ./app/globals.css
Module parse failed: Unexpected character '@' (1:0)
> @tailwind base;
| @tailwind components;
| @tailwind utilities;

Import trace for requested module:
./app/globals.css
./app/layout.tsx
 GET / 500 in 1475ms
 ✓ Compiled in 2.2s (1154 modules)
 ✓ Compiled in 2.1s (1154 modules)
 ✓ Compiled in 1604ms (1154 modules)
 ✓ Compiled in 2s (1154 modules)
 ✓ Compiled in 2.3s (1154 modules)
 ✓ Compiled in 1913ms (1154 modules)
 ✓ Compiled in 1870ms (1154 modules)
 ✓ Compiled in 2.1s (1154 modules)
 ✓ Compiled in 1531ms (1154 modules)
 ✓ Compiled in 1176ms (1154 modules)
 ✓ Compiled in 1897ms (1154 modules)
 ✓ Compiled in 1825ms (1154 modules)
 ✓ Compiled in 2.2s (1154 modules)
 ✓ Compiled in 1765ms (1154 modules)
 ✓ Compiled in 1837ms (1154 modules)
 ✓ Compiled in 1639ms (1154 modules)
 ✓ Compiled in 1543ms (1154 modules)
 ✓ Compiled in 1902ms (1154 modules)
 ✓ Compiled in 1947ms (1154 modules)
 ✓ Compiled in 1962ms (1154 modules)
 ✓ Compiled in 2.5s (1154 modules)
 ✓ Compiled in 1839ms (1154 modules)
 ✓ Compiled in 1929ms (1154 modules)
 ✓ Compiled in 1695ms (1154 modules)
 ✓ Compiled in 2.1s (1154 modules)
 ✓ Compiled in 1832ms (1154 modules)
 ✓ Compiled in 1141ms (1154 modules)
 ✓ Compiled in 1307ms (1154 modules)
 ✓ Compiled in 1700ms (1154 modules)
 ✓ Compiled in 1820ms (1154 modules)
 ✓ Compiled in 1470ms (1154 modules)
 ✓ Compiled in 2.3s (1154 modules)
 ✓ Compiled in 4.9s (1154 modules)
 ✓ Compiled in 4.5s (1154 modules)
 ✓ Compiled in 1827ms (1154 modules)
 ✓ Compiled in 1862ms (1154 modules)
 ELIFECYCLE  Command failed.
[?25h
