
> hmnp-site@0.1.0 dev /home/fleece-johnson/HMNP-Site/hmnp-site
> next dev

   ▲ Next.js 15.3.4
   - Local:        http://localhost:3000
   - Network:      http://192.168.1.193:3000
   - Environments: .env.local, .env
   - Experiments (use with caution):
     ✓ webpackMemoryOptimizations

 ✓ Starting...
 ✓ Ready in 8.1s
 ○ Compiling /middleware ...
 ✓ Compiled /middleware in 6.3s (252 modules)
 ○ Compiling /api/health ...
 ✓ Compiled /api/health in 15.2s (742 modules)
[32m{"level":"info","message":"Health check initiated","metadata":{"ip":"::1","userAgent":"curl/8.5.0"},"requestId":"health-1751125334258-fbcmx65in","service":"health-check","timestamp":"2025-06-28T15:42:14.260Z"}[39m
[32m{"level":"info","message":"Health check completed","metadata":{"dbResponseTime":1083,"redisResponseTime":0,"responseTime":1096,"status":"healthy"},"requestId":"health-1751125334258-fbcmx65in","service":"health-check","timestamp":"2025-06-28T15:42:15.354Z"}[39m
 GET /api/health 200 in 17604ms
 ○ Compiling /api/availability ...
 ✓ Compiled /api/availability in 4.9s (1075 modules)
Availability API error: Error [ZodError]: [
  {
    "code": "invalid_type",
    "expected": "string",
    "received": "null",
    "path": [
      "serviceId"
    ],
    "message": "Expected string, received null"
  }
]
    at GET (app/api/availability/route.ts:53:52)
  51 |
  52 |     // Validate input parameters
> 53 |     const validatedParams = availabilityQuerySchema.parse(queryParams);
     |                                                    ^
  54 |
  55 |     // Get business timezone from settings (default to America/Chicago)
  56 |     const businessSettings = await getBusinessSettings(); {
  issues: [Array],
  addIssue: [Function (anonymous)],
  addIssues: [Function (anonymous)]
}
 GET /api/availability?date=2025-06-29&serviceDuration=90 400 in 6691ms
 ○ Compiling /api/services ...
 ✓ Compiled /api/services in 1259ms (1079 modules)
prisma:query SELECT "public"."Service"."id", "public"."Service"."name", "public"."Service"."description", "public"."Service"."serviceType"::text, "public"."Service"."durationMinutes", "public"."Service"."basePrice", "public"."Service"."requiresDeposit", "public"."Service"."depositAmount", "public"."Service"."externalCalendarId", "public"."Service"."isActive", "public"."Service"."createdAt", "public"."Service"."updatedAt" FROM "public"."Service" WHERE "public"."Service"."isActive" = $1 ORDER BY "public"."Service"."serviceType" ASC, "public"."Service"."name" ASC OFFSET $2
 GET /api/services 200 in 2149ms
 ○ Compiling /api/promo-codes/validate ...
 ✓ Compiled /api/promo-codes/validate in 910ms (1081 modules)
Promo code validation error: Error [ZodError]: [
  {
    "code": "invalid_type",
    "expected": "number",
    "received": "undefined",
    "path": [
      "price"
    ],
    "message": "Required"
  }
]
    at POST (app/api/promo-codes/validate/route.ts:17:50)
  15 |     
  16 |     // Validate input data
> 17 |     const validatedData = validatePromoCodeSchema.parse(body);
     |                                                  ^
  18 |     const { code, serviceId, price } = validatedData;
  19 |
  20 |     // Find the promo code {
  issues: [Array],
  addIssue: [Function (anonymous)],
  addIssues: [Function (anonymous)]
}
 POST /api/promo-codes/validate 400 in 1363ms
Promo code validation error: Error [ZodError]: [
  {
    "code": "invalid_type",
    "expected": "number",
    "received": "undefined",
    "path": [
      "price"
    ],
    "message": "Required"
  }
]
    at POST (app/api/promo-codes/validate/route.ts:17:50)
  15 |     
  16 |     // Validate input data
> 17 |     const validatedData = validatePromoCodeSchema.parse(body);
     |                                                  ^
  18 |     const { code, serviceId, price } = validatedData;
  19 |
  20 |     // Find the promo code {
  issues: [Array],
  addIssue: [Function (anonymous)],
  addIssues: [Function (anonymous)]
}
 POST /api/promo-codes/validate 400 in 256ms
Promo code validation error: Error [ZodError]: [
  {
    "code": "invalid_type",
    "expected": "number",
    "received": "undefined",
    "path": [
      "price"
    ],
    "message": "Required"
  }
]
    at POST (app/api/promo-codes/validate/route.ts:17:50)
  15 |     
  16 |     // Validate input data
> 17 |     const validatedData = validatePromoCodeSchema.parse(body);
     |                                                  ^
  18 |     const { code, serviceId, price } = validatedData;
  19 |
  20 |     // Find the promo code {
  issues: [Array],
  addIssue: [Function (anonymous)],
  addIssues: [Function (anonymous)]
}
 POST /api/promo-codes/validate 400 in 253ms
Promo code validation error: Error [ZodError]: [
  {
    "code": "invalid_type",
    "expected": "number",
    "received": "undefined",
    "path": [
      "price"
    ],
    "message": "Required"
  }
]
    at POST (app/api/promo-codes/validate/route.ts:17:50)
  15 |     
  16 |     // Validate input data
> 17 |     const validatedData = validatePromoCodeSchema.parse(body);
     |                                                  ^
  18 |     const { code, serviceId, price } = validatedData;
  19 |
  20 |     // Find the promo code {
  issues: [Array],
  addIssue: [Function (anonymous)],
  addIssues: [Function (anonymous)]
}
 POST /api/promo-codes/validate 400 in 216ms
Promo code validation error: Error [ZodError]: [
  {
    "code": "invalid_type",
    "expected": "number",
    "received": "undefined",
    "path": [
      "price"
    ],
    "message": "Required"
  }
]
    at POST (app/api/promo-codes/validate/route.ts:17:50)
  15 |     
  16 |     // Validate input data
> 17 |     const validatedData = validatePromoCodeSchema.parse(body);
     |                                                  ^
  18 |     const { code, serviceId, price } = validatedData;
  19 |
  20 |     // Find the promo code {
  issues: [Array],
  addIssue: [Function (anonymous)],
  addIssues: [Function (anonymous)]
}
 POST /api/promo-codes/validate 400 in 217ms
prisma:query SELECT "public"."Service"."id", "public"."Service"."name", "public"."Service"."description", "public"."Service"."serviceType"::text, "public"."Service"."durationMinutes", "public"."Service"."basePrice", "public"."Service"."requiresDeposit", "public"."Service"."depositAmount", "public"."Service"."externalCalendarId", "public"."Service"."isActive", "public"."Service"."createdAt", "public"."Service"."updatedAt" FROM "public"."Service" WHERE "public"."Service"."isActive" = $1 ORDER BY "public"."Service"."serviceType" ASC, "public"."Service"."name" ASC OFFSET $2
 GET /api/services 200 in 631ms
prisma:query SELECT "public"."BusinessSettings"."id", "public"."BusinessSettings"."key", "public"."BusinessSettings"."value", "public"."BusinessSettings"."dataType", "public"."BusinessSettings"."description", "public"."BusinessSettings"."category", "public"."BusinessSettings"."updatedAt", "public"."BusinessSettings"."updatedById" FROM "public"."BusinessSettings" WHERE "public"."BusinessSettings"."category" = $1 OFFSET $2
prisma:query SELECT "public"."Service"."id", "public"."Service"."name", "public"."Service"."description", "public"."Service"."serviceType"::text, "public"."Service"."durationMinutes", "public"."Service"."basePrice", "public"."Service"."isActive", "public"."Service"."requiresDeposit", "public"."Service"."depositAmount", "public"."Service"."createdAt", "public"."Service"."updatedAt", "public"."Service"."externalCalendarId" FROM "public"."Service" WHERE ("public"."Service"."id" = $1 AND 1=1) LIMIT $2 OFFSET $3
[DEBUG] Date: 2025-06-29 Day of week: 0
[DEBUG] Business settings keys: []
[DEBUG] Business hours result: null
[DEBUG] No business hours found for day 0
 GET /api/availability?date=2025-06-29&serviceId=cmb8ovso10000ve9xwvtf0my0&serviceDuration=90 200 in 879ms
prisma:query SELECT 1
prisma:query SELECT "public"."PromoCode"."id", "public"."PromoCode"."code", "public"."PromoCode"."description", "public"."PromoCode"."discountType"::text, "public"."PromoCode"."discountValue", "public"."PromoCode"."minimumAmount", "public"."PromoCode"."maxDiscountAmount", "public"."PromoCode"."usageLimit", "public"."PromoCode"."usageCount", "public"."PromoCode"."perCustomerLimit", "public"."PromoCode"."validFrom", "public"."PromoCode"."validUntil", "public"."PromoCode"."isActive", "public"."PromoCode"."applicableServices", "public"."PromoCode"."createdAt", "public"."PromoCode"."updatedAt", "public"."PromoCode"."createdById" FROM "public"."PromoCode" WHERE ("public"."PromoCode"."code" = $1 AND 1=1) LIMIT $2 OFFSET $3
 POST /api/promo-codes/validate 200 in 420ms
 ○ Compiling /api/bookings ...
 ✓ Compiled /api/bookings in 43.1s (1991 modules)
[BOOKING] Creating booking - User: guest
Guest booking with data: {
  signerUserEmail: 'test.booking.1751125465798@example.com',
  signerUserName: 'Test User'
}
[getContactByEmail] Searching for contact with email: test.booking.1751125465798@example.com
[callGhlApi] Request: POST https://services.leadconnectorhq.com/contacts/search
[callGhlApi] Body: {
  "locationId": "oUvYNTw2Wvul7JSJplqQ",
  "query": "test.booking.1751125465798@example.com",
  "pageLimit": 10
}
[callGhlApi] Response Status: 200
[getContactByEmail] Search method didn't find contact, trying list endpoint
[callGhlApi] Request: GET https://services.leadconnectorhq.com/contacts?locationId=oUvYNTw2Wvul7JSJplqQ&email=test.booking.1751125465798%40example.com
[callGhlApi] Response Status: 422
GHL API Error (422) on GET https://services.leadconnectorhq.com/contacts?locationId=oUvYNTw2Wvul7JSJplqQ&email=test.booking.1751125465798%40example.com: {"message":["property email should not exist"],"error":"Unprocessable Entity","statusCode":422,"traceId":"a97e0758-6fab-4fb3-b402-6a98bb0af769"}
Error during GHL API call to GET https://services.leadconnectorhq.com/contacts?locationId=oUvYNTw2Wvul7JSJplqQ&email=test.booking.1751125465798%40example.com: Error: GHL API request failed: 422 Unprocessable Entity - {"message":["property email should not exist"],"error":"Unprocessable Entity","statusCode":422,"traceId":"a97e0758-6fab-4fb3-b402-6a98bb0af769"}
    at callGhlApi (lib/ghl.ts:124:12)
    at async Module.getContactByEmail (lib/ghl.ts:182:25)
    at async eval (app/api/bookings/route.ts:355:33)
  122 |       }
  123 |       
> 124 |       throw new Error(`GHL API request failed: ${response.status} ${response.statusText} - ${errorText}`);
      |            ^
  125 |     }
  126 |
  127 |     if (response.status === 204) { // No Content
GHL API: Error fetching contact by email (test.booking.1751125465798@example.com): {
  status: undefined,
  message: 'GHL API request failed: 422 Unprocessable Entity - {"message":["property email should not exist"],"error":"Unprocessable Entity","statusCode":422,"traceId":"a97e0758-6fab-4fb3-b402-6a98bb0af769"}',
  stack: 'Error: GHL API request failed: 422 Unprocessable Entity - {"message":["property email should not exist"],"error":"Unprocessable Entity","statusCode":422,"traceId":"a97e0758-6fab-4fb3-b402-6a98bb0af769"}\n' +
    '    at callGhlApi (webpack-internal:///(rsc)/./lib/ghl.ts:69:19)\n' +
    '    at process.processTicksAndRejections (node:internal/process/task_queues:95:5)\n' +
    '    at async Module.getContactByEmail (webpack-internal:///(rsc)/./lib/ghl.ts:115:30)\n' +
    '    at async eval (webpack-internal:///(rsc)/./app/api/bookings/route.ts:276:44)\n' +
    '    at async AppRouteRouteModule.do (/home/fleece-johnson/HMNP-Site/hmnp-site/node_modules/.pnpm/next@15.3.4_@babel+core@7.27.7_@opentelemetry+api@1.9.0_@playwright+test@1.53.1_react-d_3faf6f4d8cc779b4519fb0bb81eb15ce/node_modules/next/dist/compiled/next-server/app-route.runtime.dev.js:26:34112)\n' +
    '    at async AppRouteRouteModule.handle (/home/fleece-johnson/HMNP-Site/hmnp-site/node_modules/.pnpm/next@15.3.4_@babel+core@7.27.7_@opentelemetry+api@1.9.0_@playwright+test@1.53.1_react-d_3faf6f4d8cc779b4519fb0bb81eb15ce/node_modules/next/dist/compiled/next-server/app-route.runtime.dev.js:26:41338)\n' +
    '    at async doRender (/home/fleece-johnson/HMNP-Site/hmnp-site/node_modules/.pnpm/next@15.3.4_@babel+core@7.27.7_@opentelemetry+api@1.9.0_@playwright+test@1.53.1_react-d_3faf6f4d8cc779b4519fb0bb81eb15ce/node_modules/next/dist/server/base-server.js:1518:42)\n' +
    '    at async DevServer.renderToResponseWithComponentsImpl (/home/fleece-johnson/HMNP-Site/hmnp-site/node_modules/.pnpm/next@15.3.4_@babel+core@7.27.7_@opentelemetry+api@1.9.0_@playwright+test@1.53.1_react-d_3faf6f4d8cc779b4519fb0bb81eb15ce/node_modules/next/dist/server/base-server.js:1920:28)\n' +
    '    at async DevServer.renderPageComponent (/home/fleece-johnson/HMNP-Site/hmnp-site/node_modules/.pnpm/next@15.3.4_@babel+core@7.27.7_@opentelemetry+api@1.9.0_@playwright+test@1.53.1_react-d_3faf6f4d8cc779b4519fb0bb81eb15ce/node_modules/next/dist/server/base-server.js:2408:24)\n' +
    '    at async DevServer.renderToResponseImpl (/home/fleece-johnson/HMNP-Site/hmnp-site/node_modules/.pnpm/next@15.3.4_@babel+core@7.27.7_@opentelemetry+api@1.9.0_@playwright+test@1.53.1_react-d_3faf6f4d8cc779b4519fb0bb81eb15ce/node_modules/next/dist/server/base-server.js:2445:32)\n' +
    '    at async DevServer.pipeImpl (/home/fleece-johnson/HMNP-Site/hmnp-site/node_modules/.pnpm/next@15.3.4_@babel+core@7.27.7_@opentelemetry+api@1.9.0_@playwright+test@1.53.1_react-d_3faf6f4d8cc779b4519fb0bb81eb15ce/node_modules/next/dist/server/base-server.js:1008:25)\n' +
    '    at async NextNodeServer.handleCatchallRenderRequest (/home/fleece-johnson/HMNP-Site/hmnp-site/node_modules/.pnpm/next@15.3.4_@babel+core@7.27.7_@opentelemetry+api@1.9.0_@playwright+test@1.53.1_react-d_3faf6f4d8cc779b4519fb0bb81eb15ce/node_modules/next/dist/server/next-server.js:305:17)\n' +
    '    at async DevServer.handleRequestImpl (/home/fleece-johnson/HMNP-Site/hmnp-site/node_modules/.pnpm/next@15.3.4_@babel+core@7.27.7_@opentelemetry+api@1.9.0_@playwright+test@1.53.1_react-d_3faf6f4d8cc779b4519fb0bb81eb15ce/node_modules/next/dist/server/base-server.js:900:17)\n' +
    '    at async /home/fleece-johnson/HMNP-Site/hmnp-site/node_modules/.pnpm/next@15.3.4_@babel+core@7.27.7_@opentelemetry+api@1.9.0_@playwright+test@1.53.1_react-d_3faf6f4d8cc779b4519fb0bb81eb15ce/node_modules/next/dist/server/dev/next-dev-server.js:371:20\n' +
    '    at async Span.traceAsyncFn (/home/fleece-johnson/HMNP-Site/hmnp-site/node_modules/.pnpm/next@15.3.4_@babel+core@7.27.7_@opentelemetry+api@1.9.0_@playwright+test@1.53.1_react-d_3faf6f4d8cc779b4519fb0bb81eb15ce/node_modules/next/dist/trace/trace.js:157:20)\n' +
    '    at async DevServer.handleRequest (/home/fleece-johnson/HMNP-Site/hmnp-site/node_modules/.pnpm/next@15.3.4_@babel+core@7.27.7_@opentelemetry+api@1.9.0_@playwright+test@1.53.1_react-d_3faf6f4d8cc779b4519fb0bb81eb15ce/node_modules/next/dist/server/dev/next-dev-server.js:368:24)\n' +
    '    at async invokeRender (/home/fleece-johnson/HMNP-Site/hmnp-site/node_modules/.pnpm/next@15.3.4_@babel+core@7.27.7_@opentelemetry+api@1.9.0_@playwright+test@1.53.1_react-d_3faf6f4d8cc779b4519fb0bb81eb15ce/node_modules/next/dist/server/lib/router-server.js:237:21)\n' +
    '    at async handleRequest (/home/fleece-johnson/HMNP-Site/hmnp-site/node_modules/.pnpm/next@15.3.4_@babel+core@7.27.7_@opentelemetry+api@1.9.0_@playwright+test@1.53.1_react-d_3faf6f4d8cc779b4519fb0bb81eb15ce/node_modules/next/dist/server/lib/router-server.js:428:24)\n' +
    '    at async requestHandlerImpl (/home/fleece-johnson/HMNP-Site/hmnp-site/node_modules/.pnpm/next@15.3.4_@babel+core@7.27.7_@opentelemetry+api@1.9.0_@playwright+test@1.53.1_react-d_3faf6f4d8cc779b4519fb0bb81eb15ce/node_modules/next/dist/server/lib/router-server.js:452:13)\n' +
    '    at async Server.requestListener (/home/fleece-johnson/HMNP-Site/hmnp-site/node_modules/.pnpm/next@15.3.4_@babel+core@7.27.7_@opentelemetry+api@1.9.0_@playwright+test@1.53.1_react-d_3faf6f4d8cc779b4519fb0bb81eb15ce/node_modules/next/dist/server/lib/start-server.js:158:13)'
}
  - Treating as "contact not found" to allow booking to continue
prisma:query SELECT 1
prisma:query SELECT "public"."Service"."id", "public"."Service"."name", "public"."Service"."description", "public"."Service"."serviceType"::text, "public"."Service"."durationMinutes", "public"."Service"."basePrice", "public"."Service"."isActive", "public"."Service"."requiresDeposit", "public"."Service"."depositAmount", "public"."Service"."createdAt", "public"."Service"."updatedAt", "public"."Service"."externalCalendarId" FROM "public"."Service" WHERE ("public"."Service"."id" = $1 AND "public"."Service"."isActive" = $2) LIMIT $3 OFFSET $4
prisma:query BEGIN
prisma:query SELECT "public"."Service"."id" FROM "public"."Service" WHERE ("public"."Service"."id" = $1 AND 1=1) LIMIT $2 OFFSET $3
prisma:query INSERT INTO "public"."Booking" ("id","serviceId","scheduledDateTime","status","locationType","addressStreet","addressCity","addressState","addressZip","priceAtBooking","notes","createdAt","updatedAt","depositAmount","depositStatus","promoCodeDiscount","customerEmail","witness_fee","mileage_fee","urgency_level","urgency_fee") VALUES ($1,$2,$3,CAST($4::text AS "public"."BookingStatus"),CAST($5::text AS "public"."LocationType"),$6,$7,$8,$9,$10,$11,$12,$13,$14,CAST($15::text AS "public"."PaymentStatus"),$16,$17,$18,$19,$20,$21) RETURNING "public"."Booking"."id"
prisma:query SELECT "public"."Booking"."id", "public"."Booking"."signerId", "public"."Booking"."serviceId", "public"."Booking"."notaryId", "public"."Booking"."scheduledDateTime", "public"."Booking"."actualEndDateTime", "public"."Booking"."status"::text, "public"."Booking"."locationType"::text, "public"."Booking"."addressStreet", "public"."Booking"."addressCity", "public"."Booking"."addressState", "public"."Booking"."addressZip", "public"."Booking"."locationNotes", "public"."Booking"."priceAtBooking", "public"."Booking"."notes", "public"."Booking"."dailyRoomUrl", "public"."Booking"."dailyRecordingId", "public"."Booking"."kbaStatus", "public"."Booking"."idVerificationStatus", "public"."Booking"."notaryJournalEntry", "public"."Booking"."createdAt", "public"."Booking"."updatedAt", "public"."Booking"."confirmationEmailSentAt", "public"."Booking"."confirmationSmsSentAt", "public"."Booking"."followUpSentAt", "public"."Booking"."lastReminderSentAt", "public"."Booking"."noShowCheckPerformedAt", "public"."Booking"."reminder1hrSentAt", "public"."Booking"."reminder24hrSentAt", "public"."Booking"."reminder2hrSentAt", "public"."Booking"."depositAmount", "public"."Booking"."depositStatus"::text, "public"."Booking"."googleCalendarEventId", "public"."Booking"."promoCodeDiscount", "public"."Booking"."promoCodeId", "public"."Booking"."campaignName", "public"."Booking"."customerEmail", "public"."Booking"."ghlContactId", "public"."Booking"."leadSource", "public"."Booking"."stripePaymentUrl", "public"."Booking"."workflowId", "public"."Booking"."witness_type"::text, "public"."Booking"."witness_fee", "public"."Booking"."mileage_miles", "public"."Booking"."mileage_fee", "public"."Booking"."urgency_level", "public"."Booking"."urgency_fee", "public"."Booking"."estimated_completion_time", "public"."Booking"."notary_travel_time_minutes", "public"."Booking"."google_maps_distance_matrix", "public"."Booking"."service_area_id" FROM "public"."Booking" WHERE "public"."Booking"."id" = $1 LIMIT $2 OFFSET $3
prisma:query SELECT "public"."Service"."id", "public"."Service"."name", "public"."Service"."description", "public"."Service"."serviceType"::text, "public"."Service"."durationMinutes", "public"."Service"."basePrice", "public"."Service"."isActive", "public"."Service"."requiresDeposit", "public"."Service"."depositAmount", "public"."Service"."createdAt", "public"."Service"."updatedAt", "public"."Service"."externalCalendarId" FROM "public"."Service" WHERE "public"."Service"."id" IN ($1) OFFSET $2
prisma:query COMMIT
!!!!!!!!!! BOOKING CREATED SUCCESSFULLY !!!!!!!!!! {
  "id": "bk_1751125522046_aetgbcrc6",
  "signerId": null,
  "serviceId": "cmb8ovso10000ve9xwvtf0my0",
  "notaryId": null,
  "scheduledDateTime": "2025-06-29T15:44:25.798Z",
  "actualEndDateTime": null,
  "status": "CONFIRMED",
  "locationType": "CLIENT_SPECIFIED_ADDRESS",
  "addressStreet": "123 Test Street",
  "addressCity": "Test City",
  "addressState": "TX",
  "addressZip": "12345",
  "locationNotes": null,
  "priceAtBooking": "75",
  "notes": "This is a test booking from API test script",
  "dailyRoomUrl": null,
  "dailyRecordingId": null,
  "kbaStatus": null,
  "idVerificationStatus": null,
  "notaryJournalEntry": null,
  "createdAt": "2025-06-28T15:45:22.055Z",
  "updatedAt": "2025-06-28T15:45:22.047Z",
  "confirmationEmailSentAt": null,
  "confirmationSmsSentAt": null,
  "followUpSentAt": null,
  "lastReminderSentAt": null,
  "noShowCheckPerformedAt": null,
  "reminder1hrSentAt": null,
  "reminder24hrSentAt": null,
  "reminder2hrSentAt": null,
  "depositAmount": "25",
  "depositStatus": "PENDING",
  "googleCalendarEventId": null,
  "promoCodeDiscount": "25",
  "promoCodeId": null,
  "campaignName": null,
  "customerEmail": "test.booking.1751125465798@example.com",
  "ghlContactId": null,
  "leadSource": null,
  "stripePaymentUrl": null,
  "workflowId": null,
  "witnessType": null,
  "witnessFee": "0",
  "mileageMiles": null,
  "mileageFee": "0",
  "urgencyLevel": "standard",
  "urgencyFee": "0",
  "estimatedCompletionTime": null,
  "notaryTravelTimeMinutes": null,
  "googleMapsDistanceMatrix": null,
  "serviceAreaId": null,
  "Service": {
    "id": "cmb8ovso10000ve9xwvtf0my0",
    "name": "Standard Mobile Notary",
    "description": "General notary services at your location. Includes travel within a 20-mile radius, printing, and scanning for standard documents.",
    "serviceType": "STANDARD_NOTARY",
    "durationMinutes": 90,
    "basePrice": "75",
    "isActive": true,
    "requiresDeposit": true,
    "depositAmount": "25",
    "createdAt": "2025-06-26T06:49:34.410Z",
    "updatedAt": "2025-06-26T06:49:44.115Z",
    "externalCalendarId": null
  },
  "guestBooking": true,
  "guestEmail": "test.booking.1751125465798@example.com"
}
GHL: Populating custom fields for workflow automation
GHL Contact Payload (excluding tags): {
  "email": "test.booking.1751125465798@example.com",
  "firstName": "Test",
  "lastName": "User",
  "phone": "5555555555",
  "address1": "123 Test Street",
  "city": "Test City",
  "state": "TX",
  "postalCode": "12345",
  "country": "US",
  "source": "HMNP Website Booking",
  "locationId": "oUvYNTw2Wvul7JSJplqQ",
  "customField": {
    "booking_id": "bk_1751125522046_aetgbcrc6",
    "payment_url": "",
    "payment_amount": "0",
    "service_requested": "Standard Mobile Notary",
    "service_address": "123 Test Street, Test City, TX, 12345",
    "service_price": "75",
    "appointment_date": "6/29/2025",
    "appointment_time": "10:44 AM",
    "appointment_datetime": "2025-06-29 15:44:25",
    "preferred_datetime": "2025-06-29T15:44:25.798Z",
    "urgency_level": "new",
    "hours_old": "0"
  }
}
Attempting to upsert GHL contact with location ID: oUvYNTw2Wvul7JSJplqQ
[upsertContact] Using updated payload format with 12 custom fields
[callGhlApi] Request: POST https://services.leadconnectorhq.com/contacts/upsert
[callGhlApi] Body: {
  "email": "test.booking.1751125465798@example.com",
  "firstName": "Test",
  "lastName": "User",
  "phone": "5555555555",
  "address1": "123 Test Street",
  "city": "Test City",
  "state": "TX",
  "postalCode": "12345",
  "country": "US",
  "source": "HMNP Website Booking",
  "locationId": "oUvYNTw2Wvul7JSJplqQ",
  "customFields": [
    {
      "id": "booking_id",
      "field_value": "bk_1751125522046_aetgbcrc6"
    },
    {
      "id": "payment_url",
      "field_value": ""
    },
    {
      "id": "payment_amount",
      "field_value": "0"
    },
    {
      "id": "service_requested",
      "field_value": "Standard Mobile Notary"
    },
    {
      "id": "service_address",
      "field_value": "123 Test Street, Test City, TX, 12345"
    },
    {
      "id": "service_price",
      "field_value": "75"
    },
    {
      "id": "appointment_date",
      "field_value": "6/29/2025"
    },
    {
      "id": "appointment_time",
      "field_value": "10:44 AM"
    },
    {
      "id": "appointment_datetime",
      "field_value": "2025-06-29 15:44:25"
    },
    {
      "id": "preferred_datetime",
      "field_value": "2025-06-29T15:44:25.798Z"
    },
    {
      "id": "urgency_level",
      "field_value": "new"
    },
    {
      "id": "hours_old",
      "field_value": "0"
    }
  ]
}
[callGhlApi] Response Status: 201
GHL contact successfully upserted: {
  "id": "PJod86EQESqZYEkWLbB1",
  "dateAdded": "2025-06-28T15:45:22.574Z",
  "dateUpdated": "2025-06-28T15:45:22.574Z",
  "deleted": false,
  "tags": [],
  "type": "lead",
  "customFields": [
    {
      "id": "CNRqYtaz92MMqloyAuec",
      "fieldValue": "bk_1751125522046_aetgbcrc6"
    },
    {
      "id": "XPrxbyWJtQ6AUHceUZdi",
      "fieldValue": 0
    },
    {
      "id": "92e7RGUW60z2AtQqD7cd",
      "fieldValue": "new"
    },
    {
      "id": "yWNRbpz1pBEWlSpkUdK9",
      "fieldValue": "Standard Mobile Notary"
    },
    {
      "id": "LgdvJfzLm5bwjXWlNoLO",
      "fieldValue": "2025-06-29T15:44:25.798Z"
    },
    {
      "id": "x8nED1uRwSUo6jZYplxq",
      "fieldValue": "123 Test Street, Test City, TX, 12345"
    },
    {
      "id": "AjWH7LSToaACxiESlM4q",
      "fieldValue": 75
    },
    {
      "id": "ZrseEa2tiYcEVZZ0tx44",
      "fieldValue": 0
    },
    {
      "id": "kh1i7jXxKQTttQhTfpG7",
      "fieldValue": "10:44 AM"
    },
    {
      "id": "7qavSYx1uRQINKxIAAuS",
      "fieldValue": "2025-06-29 15:44:25"
    },
    {
      "id": "UtIWG2hlBD1UjfumckCV",
      "fieldValue": "2025-06-29"
    }
  ],
  "locationId": "oUvYNTw2Wvul7JSJplqQ",
  "firstName": "Test",
  "firstNameLowerCase": "test",
  "fullNameLowerCase": "test user",
  "lastName": "User",
  "lastNameLowerCase": "user",
  "email": "test.booking.1751125465798@example.com",
  "emailLowerCase": "test.booking.1751125465798@example.com",
  "bounceEmail": false,
  "unsubscribeEmail": false,
  "phone": "+15555555555",
  "address1": "123 Test Street",
  "city": "Test City",
  "state": "TX",
  "country": "US",
  "postalCode": "12345",
  "source": "HMNP Website Booking",
  "createdBy": {
    "source": "INTEGRATION",
    "channel": "OAUTH",
    "sourceId": "683f4d112573e24220956628",
    "timestamp": "2025-06-28T15:45:22.574Z"
  },
  "lastUpdatedBy": {
    "source": "INTEGRATION",
    "channel": "OAUTH",
    "sourceId": "683f4d112573e24220956628",
    "timestamp": "2025-06-28T15:45:22.574Z"
  },
  "lastSessionActivityAt": "2025-06-28T15:45:22.634Z",
  "validEmail": null,
  "validEmailDate": null
}
prisma:query UPDATE "public"."Booking" SET "ghlContactId" = $1, "customerEmail" = $2 WHERE ("public"."Booking"."id" = $3 AND 1=1) RETURNING "public"."Booking"."id", "public"."Booking"."signerId", "public"."Booking"."serviceId", "public"."Booking"."notaryId", "public"."Booking"."scheduledDateTime", "public"."Booking"."actualEndDateTime", "public"."Booking"."status"::text, "public"."Booking"."locationType"::text, "public"."Booking"."addressStreet", "public"."Booking"."addressCity", "public"."Booking"."addressState", "public"."Booking"."addressZip", "public"."Booking"."locationNotes", "public"."Booking"."priceAtBooking", "public"."Booking"."notes", "public"."Booking"."dailyRoomUrl", "public"."Booking"."dailyRecordingId", "public"."Booking"."kbaStatus", "public"."Booking"."idVerificationStatus", "public"."Booking"."notaryJournalEntry", "public"."Booking"."createdAt", "public"."Booking"."updatedAt", "public"."Booking"."confirmationEmailSentAt", "public"."Booking"."confirmationSmsSentAt", "public"."Booking"."followUpSentAt", "public"."Booking"."lastReminderSentAt", "public"."Booking"."noShowCheckPerformedAt", "public"."Booking"."reminder1hrSentAt", "public"."Booking"."reminder24hrSentAt", "public"."Booking"."reminder2hrSentAt", "public"."Booking"."depositAmount", "public"."Booking"."depositStatus"::text, "public"."Booking"."googleCalendarEventId", "public"."Booking"."promoCodeDiscount", "public"."Booking"."promoCodeId", "public"."Booking"."campaignName", "public"."Booking"."customerEmail", "public"."Booking"."ghlContactId", "public"."Booking"."leadSource", "public"."Booking"."stripePaymentUrl", "public"."Booking"."workflowId", "public"."Booking"."witness_type"::text, "public"."Booking"."witness_fee", "public"."Booking"."mileage_miles", "public"."Booking"."mileage_fee", "public"."Booking"."urgency_level", "public"."Booking"."urgency_fee", "public"."Booking"."estimated_completion_time", "public"."Booking"."notary_travel_time_minutes", "public"."Booking"."google_maps_distance_matrix", "public"."Booking"."service_area_id"
prisma:query UPDATE "public"."Booking" SET "googleCalendarEventId" = $1 WHERE ("public"."Booking"."id" = $2 AND 1=1) RETURNING "public"."Booking"."id", "public"."Booking"."signerId", "public"."Booking"."serviceId", "public"."Booking"."notaryId", "public"."Booking"."scheduledDateTime", "public"."Booking"."actualEndDateTime", "public"."Booking"."status"::text, "public"."Booking"."locationType"::text, "public"."Booking"."addressStreet", "public"."Booking"."addressCity", "public"."Booking"."addressState", "public"."Booking"."addressZip", "public"."Booking"."locationNotes", "public"."Booking"."priceAtBooking", "public"."Booking"."notes", "public"."Booking"."dailyRoomUrl", "public"."Booking"."dailyRecordingId", "public"."Booking"."kbaStatus", "public"."Booking"."idVerificationStatus", "public"."Booking"."notaryJournalEntry", "public"."Booking"."createdAt", "public"."Booking"."updatedAt", "public"."Booking"."confirmationEmailSentAt", "public"."Booking"."confirmationSmsSentAt", "public"."Booking"."followUpSentAt", "public"."Booking"."lastReminderSentAt", "public"."Booking"."noShowCheckPerformedAt", "public"."Booking"."reminder1hrSentAt", "public"."Booking"."reminder24hrSentAt", "public"."Booking"."reminder2hrSentAt", "public"."Booking"."depositAmount", "public"."Booking"."depositStatus"::text, "public"."Booking"."googleCalendarEventId", "public"."Booking"."promoCodeDiscount", "public"."Booking"."promoCodeId", "public"."Booking"."campaignName", "public"."Booking"."customerEmail", "public"."Booking"."ghlContactId", "public"."Booking"."leadSource", "public"."Booking"."stripePaymentUrl", "public"."Booking"."workflowId", "public"."Booking"."witness_type"::text, "public"."Booking"."witness_fee", "public"."Booking"."mileage_miles", "public"."Booking"."mileage_fee", "public"."Booking"."urgency_level", "public"."Booking"."urgency_fee", "public"."Booking"."estimated_completion_time", "public"."Booking"."notary_travel_time_minutes", "public"."Booking"."google_maps_distance_matrix", "public"."Booking"."service_area_id"
✅ Google Calendar event created: 4q7dgv098aiau5ood5ahbknitg
[callGhlApi] Request: POST https://services.leadconnectorhq.com/contacts/PJod86EQESqZYEkWLbB1/tags
[callGhlApi] Body: {
  "tags": [
    "Service:standard_mobile_notary",
    "status:booking_confirmed",
    "status:booking_created",
    "discount:referral_newclient_applied",
    "status:referred_client",
    "consent:sms_opt_in",
    "consent:marketing_opt_in",
    "source:website_booking",
    "promo:test",
    "location:client_specified_address",
    "client:first_time",
    "discount:applied"
  ]
}
[callGhlApi] Response Status: 201
GHL: Contact PJod86EQESqZYEkWLbB1 upserted and tags applied: Service:standard_mobile_notary, status:booking_confirmed, status:booking_created, discount:referral_newclient_applied, status:referred_client, consent:sms_opt_in, consent:marketing_opt_in, source:website_booking, promo:test, location:client_specified_address, client:first_time, discount:applied
GHL: Successfully triggered workflow 40e0dde5-7b6b-4a5e-9e11-8747e21d15d4 for contact PJod86EQESqZYEkWLbB1
GHL: Successfully triggered workflow 40e0dde5-7b6b-4a5e-9e11-8747e21d15d4 for contact PJod86EQESqZYEkWLbB1
!!!!!!!!!! FINAL API RESPONSE CHECKOUT URL: null
!!!!!!!!!! FINAL API RESPONSE BOOKING ID: bk_1751125522046_aetgbcrc6
 POST /api/bookings 201 in 61475ms
 ○ Compiling /api/auth/test ...
 ✓ Compiled /api/auth/test in 5.2s (1991 modules)
prisma:query SELECT 1
prisma:query SELECT COUNT(*) AS "_count._all" FROM (SELECT "public"."User"."id" FROM "public"."User" WHERE 1=1 OFFSET $1) AS "sub"
 GET /api/auth/test 200 in 6973ms
prisma:query SELECT COUNT(*) AS "_count._all" FROM (SELECT "public"."User"."id" FROM "public"."User" WHERE 1=1 OFFSET $1) AS "sub"
 GET /api/auth/test 200 in 2023ms
 ○ Compiling /_not-found ...
 ✓ Compiled /_not-found in 32.1s (2564 modules)
Invalid JWT token: Error [JsonWebTokenError]: jwt malformed
    at authMiddleware (lib/auth/unified-middleware.ts:98:24)
    at async withAuth (lib/auth/unified-middleware.ts:309:21)
   96 |         }
   97 |
>  98 |         const decoded = jwt.verify(token, process.env.JWT_SECRET) as any;
      |                        ^
   99 |         
  100 |         // Verify user exists in database
  101 |         const dbUser = await prisma.user.findUnique({ {
  constructor: [Function: JsonWebTokenError]
}
[BOOKING] Creating booking - User: guest
SyntaxError creating booking: Unexpected end of JSON input
[API /api/bookings ERROR] Status: 400, Message: Invalid request body: Malformed JSON.
Invalid JWT token: Error [JsonWebTokenError]: jwt malformed
    at authMiddleware (lib/auth/unified-middleware.ts:98:24)
    at async withAuth (lib/auth/unified-middleware.ts:309:21)
   96 |         }
   97 |
>  98 |         const decoded = jwt.verify(token, process.env.JWT_SECRET) as any;
      |                        ^
   99 |         
  100 |         // Verify user exists in database
  101 |         const dbUser = await prisma.user.findUnique({ {
  constructor: [Function: JsonWebTokenError]
}
prisma:query SELECT 1
prisma:query SELECT COUNT(*) AS "_count._all" FROM (SELECT "public"."User"."id" FROM "public"."User" WHERE 1=1 OFFSET $1) AS "sub"
 GET /home/fleece-johnson/HMNP-Site/hmnp-site/node_modules/.pnpm/playwright@1.53.1/node_modules/playwright/lib/index.js 404 in 11754ms
 GET /home/fleece-johnson/HMNP-Site/hmnp-site/node_modules/.pnpm/playwright@1.53.1/node_modules/playwright/lib/index.js 404 in 24359ms
 GET /home/fleece-johnson/HMNP-Site/hmnp-site/node_modules/.pnpm/playwright@1.53.1/node_modules/playwright/lib/index.js 404 in 40533ms
 ✓ Compiled in 12s (395 modules)
 ✓ Compiled in 1875ms (395 modules)
 ✓ Compiled in 1920ms (395 modules)
 GET /home/fleece-johnson/HMNP-Site/hmnp-site/tests/e2e/booking-flow.spec.ts 404 in 1976ms
 GET /home/fleece-johnson/HMNP-Site/hmnp-site/tests/portal.spec.ts 404 in 1985ms
 GET /home/fleece-johnson/HMNP-Site/hmnp-site/tests/e2e/booking-flow-fixed.spec.ts 404 in 1939ms
 ✓ Compiled in 1890ms (395 modules)
 ✓ Compiled in 1819ms (395 modules)
 ✓ Compiled in 3.9s (395 modules)
 ✓ Compiled in 2.2s (395 modules)
 ✓ Compiled in 2s (395 modules)
 ✓ Compiled in 2.4s (395 modules)
 ✓ Compiled in 1464ms (395 modules)
 GET /home/fleece-johnson/HMNP-Site/hmnp-site/node_modules/.pnpm/playwright@1.53.1/node_modules/playwright/lib/index.js 404 in 1542ms
 GET /home/fleece-johnson/HMNP-Site/hmnp-site/node_modules/.pnpm/playwright@1.53.1/node_modules/playwright/lib/index.js 404 in 1552ms
 ✓ Compiled in 1366ms (395 modules)
 ✓ Compiled in 2.3s (395 modules)
 ✓ Compiled in 1412ms (395 modules)
 GET /home/fleece-johnson/HMNP-Site/hmnp-site/tests/e2e/portal/documents.spec.ts 404 in 1414ms
 GET /home/fleece-johnson/HMNP-Site/hmnp-site/tests/e2e/booking-flows.spec.ts 404 in 1415ms
 ✓ Compiled in 1418ms (395 modules)
 ✓ Compiled in 2.1s (395 modules)
 ✓ Compiled in 1041ms (395 modules)
 ✓ Compiled in 1175ms (395 modules)
 ✓ Compiled in 821ms (395 modules)
 ✓ Compiled in 942ms (395 modules)
 ✓ Compiled in 1161ms (395 modules)
 ✓ Compiled in 1458ms (395 modules)
 ✓ Compiled in 1440ms (395 modules)
 ✓ Compiled in 1456ms (395 modules)
 ✓ Compiled in 1351ms (395 modules)
 ✓ Compiled in 1359ms (395 modules)
 ✓ Compiled in 1416ms (395 modules)
 ✓ Compiled in 1219ms (395 modules)
 ✓ Compiled in 1601ms (395 modules)
 ✓ Compiled in 1344ms (395 modules)
 ✓ Compiled in 1620ms (395 modules)
 ✓ Compiled in 5.2s (395 modules)
 ✓ Compiled in 3.1s (395 modules)
 ✓ Compiled in 7.6s (395 modules)
 ✓ Compiled in 685ms (395 modules)
 ✓ Compiled in 594ms (395 modules)
 ✓ Compiled in 648ms (395 modules)
 ✓ Compiled in 584ms (395 modules)
 ✓ Compiled in 541ms (395 modules)
 ✓ Compiled in 605ms (395 modules)
 ✓ Compiled in 549ms (395 modules)
 ✓ Compiled in 586ms (395 modules)
 ✓ Compiled in 855ms (395 modules)
 ✓ Compiled in 931ms (395 modules)
 ✓ Compiled in 840ms (395 modules)
 ✓ Compiled in 551ms (395 modules)
 ✓ Compiled in 552ms (395 modules)
 ✓ Compiled in 552ms (395 modules)
 ✓ Compiled in 566ms (395 modules)
 ✓ Compiled in 554ms (395 modules)
 ✓ Compiled in 565ms (395 modules)
 ✓ Compiled in 563ms (395 modules)
 ✓ Compiled in 572ms (395 modules)
 ✓ Compiled in 552ms (395 modules)
 ✓ Compiled in 619ms (395 modules)
 ✓ Compiled in 654ms (395 modules)
 ✓ Compiled in 646ms (395 modules)
 ✓ Compiled in 829ms (395 modules)
 ✓ Compiled in 611ms (395 modules)
 ✓ Compiled in 575ms (395 modules)
 ✓ Compiled in 808ms (395 modules)
 ✓ Compiled in 2.6s (395 modules)
 ✓ Compiled in 1022ms (395 modules)
 ✓ Compiled in 1658ms (395 modules)
 ✓ Compiled in 1043ms (395 modules)
 ✓ Compiled in 775ms (395 modules)
 ✓ Compiled in 1022ms (395 modules)
 ✓ Compiled in 537ms (395 modules)
 ✓ Compiled in 520ms (395 modules)
 ✓ Compiled in 556ms (395 modules)
 ✓ Compiled in 577ms (395 modules)
 ✓ Compiled in 541ms (395 modules)
 ✓ Compiled in 538ms (395 modules)
 ✓ Compiled in 582ms (395 modules)
 ✓ Compiled in 582ms (395 modules)
 ✓ Compiled in 660ms (395 modules)
 ✓ Compiled in 577ms (395 modules)
 ✓ Compiled in 552ms (395 modules)
 ✓ Compiled in 607ms (395 modules)
 ✓ Compiled in 612ms (395 modules)
 ✓ Compiled in 565ms (395 modules)
 ✓ Compiled in 536ms (395 modules)
 ✓ Compiled in 522ms (395 modules)
 ✓ Compiled in 544ms (395 modules)
 ✓ Compiled in 539ms (395 modules)
 ✓ Compiled in 543ms (395 modules)
 ✓ Compiled in 513ms (395 modules)
 ✓ Compiled in 522ms (395 modules)
 ✓ Compiled in 545ms (395 modules)
 ✓ Compiled in 550ms (395 modules)
 ✓ Compiled in 517ms (395 modules)
 ✓ Compiled in 539ms (395 modules)
 ✓ Compiled in 589ms (395 modules)
 ✓ Compiled in 588ms (395 modules)
 ✓ Compiled in 732ms (395 modules)
 ✓ Compiled in 1186ms (395 modules)
 ✓ Compiled in 554ms (395 modules)
 ✓ Compiled in 568ms (395 modules)
 ✓ Compiled in 554ms (395 modules)
 ✓ Compiled in 539ms (395 modules)
 ✓ Compiled in 618ms (395 modules)
 ✓ Compiled in 690ms (395 modules)
 ✓ Compiled in 586ms (395 modules)
 ✓ Compiled in 582ms (395 modules)
 ✓ Compiled in 525ms (395 modules)
 ✓ Compiled in 546ms (395 modules)
 ✓ Compiled in 516ms (395 modules)
 ✓ Compiled in 555ms (395 modules)
 ✓ Compiled in 512ms (395 modules)
 ✓ Compiled in 541ms (395 modules)
 ✓ Compiled in 545ms (395 modules)
 ✓ Compiled in 539ms (395 modules)
 ✓ Compiled in 544ms (395 modules)
 ✓ Compiled in 554ms (395 modules)
 ✓ Compiled in 586ms (395 modules)
 ✓ Compiled in 557ms (395 modules)
 ✓ Compiled in 556ms (395 modules)
 ✓ Compiled in 585ms (395 modules)
 ✓ Compiled in 523ms (395 modules)
 ✓ Compiled in 539ms (395 modules)
 ✓ Compiled in 722ms (395 modules)
 ✓ Compiled in 680ms (395 modules)
 ✓ Compiled in 565ms (395 modules)
 ✓ Compiled in 555ms (395 modules)
 ✓ Compiled in 572ms (395 modules)
 ✓ Compiled in 956ms (395 modules)
 ✓ Compiled in 1340ms (395 modules)
 ✓ Compiled in 579ms (395 modules)
 ✓ Compiled in 515ms (395 modules)
 ✓ Compiled in 548ms (395 modules)
 ✓ Compiled in 493ms (395 modules)
 ✓ Compiled in 510ms (395 modules)
 ✓ Compiled in 502ms (395 modules)
 ✓ Compiled in 1011ms (395 modules)
 ✓ Compiled in 604ms (395 modules)
 ✓ Compiled in 557ms (395 modules)
 ✓ Compiled in 504ms (395 modules)
 ✓ Compiled in 516ms (395 modules)
 ✓ Compiled in 522ms (395 modules)
 ✓ Compiled in 626ms (395 modules)
 ✓ Compiled in 654ms (395 modules)
 ✓ Compiled in 519ms (395 modules)
 ✓ Compiled in 493ms (395 modules)
 ✓ Compiled in 608ms (395 modules)
 ✓ Compiled in 512ms (395 modules)
 ✓ Compiled in 638ms (395 modules)
 ✓ Compiled in 533ms (395 modules)
 ✓ Compiled in 522ms (395 modules)
 ✓ Compiled in 560ms (395 modules)
 ✓ Compiled in 516ms (395 modules)
 ✓ Compiled in 631ms (395 modules)
 ✓ Compiled in 546ms (395 modules)
 ✓ Compiled in 512ms (395 modules)
 ✓ Compiled in 499ms (395 modules)
 ✓ Compiled in 637ms (395 modules)
 ✓ Compiled in 528ms (395 modules)
 ✓ Compiled in 543ms (395 modules)
 ✓ Compiled in 1080ms (395 modules)
 ✓ Compiled in 702ms (395 modules)
 ✓ Compiled in 635ms (395 modules)
 ✓ Compiled in 571ms (395 modules)
 ✓ Compiled in 502ms (395 modules)
 ✓ Compiled in 513ms (395 modules)
 ✓ Compiled in 521ms (395 modules)
 ✓ Compiled in 530ms (395 modules)
 ✓ Compiled in 507ms (395 modules)
 ✓ Compiled in 514ms (395 modules)
 ✓ Compiled in 534ms (395 modules)
 ✓ Compiled in 534ms (395 modules)
 ✓ Compiled in 543ms (395 modules)
 ✓ Compiled in 497ms (395 modules)
 ✓ Compiled in 539ms (395 modules)
 ✓ Compiled in 512ms (395 modules)
 ✓ Compiled in 500ms (395 modules)
 ✓ Compiled in 497ms (395 modules)
 ✓ Compiled in 550ms (395 modules)
 ✓ Compiled in 487ms (395 modules)
 ✓ Compiled in 520ms (395 modules)
 ✓ Compiled in 546ms (395 modules)
 ✓ Compiled in 557ms (395 modules)
 ✓ Compiled in 578ms (395 modules)
 ✓ Compiled in 653ms (395 modules)
 ✓ Compiled in 576ms (395 modules)
 ✓ Compiled in 535ms (395 modules)
 ✓ Compiled in 509ms (395 modules)
 ✓ Compiled in 536ms (395 modules)
 ✓ Compiled in 545ms (395 modules)
 ✓ Compiled in 566ms (395 modules)
 ✓ Compiled in 878ms (395 modules)
 ✓ Compiled in 719ms (395 modules)
 ✓ Compiled in 509ms (395 modules)
 ✓ Compiled in 512ms (395 modules)
 ✓ Compiled in 509ms (395 modules)
 ✓ Compiled in 545ms (395 modules)
 ✓ Compiled in 523ms (395 modules)
 ✓ Compiled in 504ms (395 modules)
 ✓ Compiled in 547ms (395 modules)
 ✓ Compiled in 527ms (395 modules)
 ✓ Compiled in 521ms (395 modules)
 ✓ Compiled in 522ms (395 modules)
 ✓ Compiled in 511ms (395 modules)
 ✓ Compiled in 528ms (395 modules)
 ✓ Compiled in 519ms (395 modules)
 ✓ Compiled in 593ms (395 modules)
 ✓ Compiled in 626ms (395 modules)
 ✓ Compiled in 508ms (395 modules)
 ✓ Compiled in 534ms (395 modules)
 ✓ Compiled in 546ms (395 modules)
 ✓ Compiled in 516ms (395 modules)
 ✓ Compiled in 532ms (395 modules)
 ✓ Compiled in 526ms (395 modules)
 ✓ Compiled in 508ms (395 modules)
 ✓ Compiled in 558ms (395 modules)
 ✓ Compiled in 527ms (395 modules)
 ✓ Compiled in 522ms (395 modules)
 ✓ Compiled in 514ms (395 modules)
 ✓ Compiled in 555ms (395 modules)
 ✓ Compiled in 520ms (395 modules)
 ✓ Compiled in 577ms (395 modules)
 ✓ Compiled in 949ms (395 modules)
 ✓ Compiled in 559ms (395 modules)
 ✓ Compiled in 503ms (395 modules)
 ✓ Compiled in 506ms (395 modules)
 ✓ Compiled in 524ms (395 modules)
 ✓ Compiled in 583ms (395 modules)
 ✓ Compiled in 599ms (395 modules)
 ✓ Compiled in 575ms (395 modules)
 ✓ Compiled in 495ms (395 modules)
 ✓ Compiled in 556ms (395 modules)
 ✓ Compiled in 530ms (395 modules)
 ✓ Compiled in 569ms (395 modules)
 ✓ Compiled in 523ms (395 modules)
 ✓ Compiled in 499ms (395 modules)
 ✓ Compiled in 522ms (395 modules)
 ✓ Compiled in 550ms (395 modules)
 ✓ Compiled in 519ms (395 modules)
 ✓ Compiled in 534ms (395 modules)
 ✓ Compiled in 504ms (395 modules)
 ✓ Compiled in 539ms (395 modules)
 ✓ Compiled in 643ms (395 modules)
 ✓ Compiled in 598ms (395 modules)
 ✓ Compiled in 571ms (395 modules)
 ✓ Compiled in 529ms (395 modules)
 ✓ Compiled in 529ms (395 modules)
 ✓ Compiled in 555ms (395 modules)
 ✓ Compiled in 669ms (395 modules)
 ✓ Compiled in 518ms (395 modules)
 ✓ Compiled in 508ms (395 modules)
 ✓ Compiled in 522ms (395 modules)
 ✓ Compiled in 566ms (395 modules)
 ✓ Compiled in 925ms (395 modules)
 ✓ Compiled in 564ms (395 modules)
 ✓ Compiled in 561ms (395 modules)
 ✓ Compiled in 501ms (395 modules)
 ✓ Compiled in 615ms (395 modules)
 ✓ Compiled in 623ms (395 modules)
 ✓ Compiled in 637ms (395 modules)
 ✓ Compiled in 503ms (395 modules)
 ✓ Compiled in 509ms (395 modules)
 ✓ Compiled in 546ms (395 modules)
 ✓ Compiled in 607ms (395 modules)
 ✓ Compiled in 518ms (395 modules)
 ✓ Compiled in 589ms (395 modules)
 ✓ Compiled in 583ms (395 modules)
 ✓ Compiled in 489ms (395 modules)
 ✓ Compiled in 519ms (395 modules)
 ✓ Compiled in 520ms (395 modules)
 ✓ Compiled in 507ms (395 modules)
 ✓ Compiled in 503ms (395 modules)
 ✓ Compiled in 500ms (395 modules)
 ✓ Compiled in 513ms (395 modules)
 ✓ Compiled in 560ms (395 modules)
 ✓ Compiled in 575ms (395 modules)
 ✓ Compiled in 543ms (395 modules)
 ✓ Compiled in 580ms (395 modules)
 ✓ Compiled in 516ms (395 modules)
 ✓ Compiled in 508ms (395 modules)
 ✓ Compiled in 653ms (395 modules)
 ✓ Compiled in 577ms (395 modules)
 ✓ Compiled in 502ms (395 modules)
 ✓ Compiled in 549ms (395 modules)
 ✓ Compiled in 944ms (395 modules)
 ✓ Compiled in 526ms (395 modules)
 ✓ Compiled in 526ms (395 modules)
 ✓ Compiled in 537ms (395 modules)
 ✓ Compiled in 505ms (395 modules)
 ✓ Compiled in 496ms (395 modules)
 ✓ Compiled in 491ms (395 modules)
 ✓ Compiled in 523ms (395 modules)
 ✓ Compiled in 495ms (395 modules)
 ✓ Compiled in 511ms (395 modules)
 ✓ Compiled in 501ms (395 modules)
 ✓ Compiled in 533ms (395 modules)
 ✓ Compiled in 525ms (395 modules)
 ✓ Compiled in 486ms (395 modules)
 ✓ Compiled in 493ms (395 modules)
 ✓ Compiled in 528ms (395 modules)
 ✓ Compiled in 520ms (395 modules)
 ✓ Compiled in 513ms (395 modules)
 ✓ Compiled in 495ms (395 modules)
 ✓ Compiled in 523ms (395 modules)
 ✓ Compiled in 495ms (395 modules)
 ✓ Compiled in 605ms (395 modules)
 ✓ Compiled in 497ms (395 modules)
 ✓ Compiled in 577ms (395 modules)
 ✓ Compiled in 508ms (395 modules)
 ✓ Compiled in 517ms (395 modules)
 ✓ Compiled in 510ms (395 modules)
 ✓ Compiled in 533ms (395 modules)
 ✓ Compiled in 515ms (395 modules)
 ✓ Compiled in 505ms (395 modules)
 ✓ Compiled in 609ms (395 modules)
 ✓ Compiled in 853ms (395 modules)
 ✓ Compiled in 528ms (395 modules)
 ✓ Compiled in 547ms (395 modules)
 ✓ Compiled in 556ms (395 modules)
 ✓ Compiled in 487ms (395 modules)
 ✓ Compiled in 514ms (395 modules)
 ✓ Compiled in 522ms (395 modules)
 ✓ Compiled in 529ms (395 modules)
 ✓ Compiled in 516ms (395 modules)
 ✓ Compiled in 541ms (395 modules)
 ✓ Compiled in 565ms (395 modules)
 ✓ Compiled in 517ms (395 modules)
 ✓ Compiled in 535ms (395 modules)
 ✓ Compiled in 543ms (395 modules)
 ✓ Compiled in 770ms (395 modules)
 ✓ Compiled in 524ms (395 modules)
 ✓ Compiled in 538ms (395 modules)
 ✓ Compiled in 521ms (395 modules)
 ✓ Compiled in 507ms (395 modules)
 ✓ Compiled in 497ms (395 modules)
 ✓ Compiled in 495ms (395 modules)
 ✓ Compiled in 524ms (395 modules)
 ✓ Compiled in 542ms (395 modules)
 ✓ Compiled in 509ms (395 modules)
 ✓ Compiled in 514ms (395 modules)
 ✓ Compiled in 576ms (395 modules)
 ✓ Compiled in 509ms (395 modules)
 ✓ Compiled in 649ms (395 modules)
 ✓ Compiled in 518ms (395 modules)
 ✓ Compiled in 555ms (395 modules)
 ✓ Compiled in 625ms (395 modules)
 ✓ Compiled in 1034ms (395 modules)
 ✓ Compiled in 556ms (395 modules)
 ✓ Compiled in 514ms (395 modules)
 ✓ Compiled in 534ms (395 modules)
 ✓ Compiled in 840ms (395 modules)
 ✓ Compiled in 736ms (395 modules)
 ✓ Compiled in 641ms (395 modules)
 ✓ Compiled in 721ms (395 modules)
 ✓ Compiled in 521ms (395 modules)
 ✓ Compiled in 535ms (395 modules)
 ✓ Compiled in 533ms (395 modules)
 ✓ Compiled in 516ms (395 modules)
 ✓ Compiled in 505ms (395 modules)
 ✓ Compiled in 511ms (395 modules)
 ✓ Compiled in 553ms (395 modules)
 ✓ Compiled in 513ms (395 modules)
 ✓ Compiled in 536ms (395 modules)
 ✓ Compiled in 547ms (395 modules)
 ✓ Compiled in 536ms (395 modules)
 ✓ Compiled in 520ms (395 modules)
 ✓ Compiled in 537ms (395 modules)
 ✓ Compiled in 578ms (395 modules)
 ✓ Compiled in 541ms (395 modules)
 ✓ Compiled in 529ms (395 modules)
 ✓ Compiled in 530ms (395 modules)
 ✓ Compiled in 542ms (395 modules)
 ✓ Compiled in 666ms (395 modules)
 ✓ Compiled in 604ms (395 modules)
 ✓ Compiled in 503ms (395 modules)
 ✓ Compiled in 527ms (395 modules)
 ✓ Compiled in 608ms (395 modules)
 ✓ Compiled in 861ms (395 modules)
 ✓ Compiled in 551ms (395 modules)
 ✓ Compiled in 531ms (395 modules)
 ✓ Compiled in 506ms (395 modules)
 ✓ Compiled in 531ms (395 modules)
 ✓ Compiled in 529ms (395 modules)
 ✓ Compiled in 499ms (395 modules)
 ✓ Compiled in 510ms (395 modules)
 ✓ Compiled in 506ms (395 modules)
 ✓ Compiled in 543ms (395 modules)
 ✓ Compiled in 511ms (395 modules)
 ✓ Compiled in 505ms (395 modules)
 ✓ Compiled in 553ms (395 modules)
 ✓ Compiled in 538ms (395 modules)
 ✓ Compiled in 500ms (395 modules)
 ✓ Compiled in 545ms (395 modules)
 ✓ Compiled in 510ms (395 modules)
 ✓ Compiled in 529ms (395 modules)
 ✓ Compiled in 521ms (395 modules)
 ✓ Compiled in 553ms (395 modules)
 ✓ Compiled in 540ms (395 modules)
 ✓ Compiled in 506ms (395 modules)
 ✓ Compiled in 551ms (395 modules)
 ✓ Compiled in 577ms (395 modules)
 ✓ Compiled in 618ms (395 modules)
 ✓ Compiled in 525ms (395 modules)
 ✓ Compiled in 542ms (395 modules)
 ✓ Compiled in 507ms (395 modules)
 ✓ Compiled in 560ms (395 modules)
 ✓ Compiled in 521ms (395 modules)
 ✓ Compiled in 550ms (395 modules)
 ✓ Compiled in 932ms (395 modules)
 ✓ Compiled in 560ms (395 modules)
 ✓ Compiled in 535ms (395 modules)
 ✓ Compiled in 528ms (395 modules)
 ✓ Compiled in 530ms (395 modules)
 ✓ Compiled in 546ms (395 modules)
 ✓ Compiled in 496ms (395 modules)
 ✓ Compiled in 523ms (395 modules)
 ✓ Compiled in 516ms (395 modules)
 ✓ Compiled in 500ms (395 modules)
 ✓ Compiled in 517ms (395 modules)
 ✓ Compiled in 843ms (395 modules)
 ✓ Compiled in 648ms (395 modules)
 ✓ Compiled in 507ms (395 modules)
 ✓ Compiled in 508ms (395 modules)
 ✓ Compiled in 518ms (395 modules)
 ✓ Compiled in 528ms (395 modules)
 ✓ Compiled in 500ms (395 modules)
 ✓ Compiled in 524ms (395 modules)
 ✓ Compiled in 516ms (395 modules)
 ✓ Compiled in 514ms (395 modules)
 ✓ Compiled in 504ms (395 modules)
 ✓ Compiled in 510ms (395 modules)
 ✓ Compiled in 555ms (395 modules)
 ✓ Compiled in 538ms (395 modules)
 ✓ Compiled in 510ms (395 modules)
 ✓ Compiled in 534ms (395 modules)
 ✓ Compiled in 505ms (395 modules)
 ✓ Compiled in 541ms (395 modules)
 ✓ Compiled in 515ms (395 modules)
 ✓ Compiled in 648ms (395 modules)
 ✓ Compiled in 890ms (395 modules)
 ✓ Compiled in 533ms (395 modules)
 ✓ Compiled in 540ms (395 modules)
 ✓ Compiled in 505ms (395 modules)
 ✓ Compiled in 523ms (395 modules)
 ✓ Compiled in 510ms (395 modules)
 ✓ Compiled in 533ms (395 modules)
 ✓ Compiled in 531ms (395 modules)
 ✓ Compiled in 509ms (395 modules)
 ✓ Compiled in 559ms (395 modules)
 ✓ Compiled in 573ms (395 modules)
 ✓ Compiled in 519ms (395 modules)
 ✓ Compiled in 520ms (395 modules)
 ✓ Compiled in 531ms (395 modules)
 ✓ Compiled in 518ms (395 modules)
 ✓ Compiled in 507ms (395 modules)
 ✓ Compiled in 512ms (395 modules)
 ✓ Compiled in 543ms (395 modules)
 ✓ Compiled in 734ms (395 modules)
 ✓ Compiled in 707ms (395 modules)
 ✓ Compiled in 521ms (395 modules)
 ✓ Compiled in 514ms (395 modules)
 ✓ Compiled in 498ms (395 modules)
 ✓ Compiled in 499ms (395 modules)
 ✓ Compiled in 537ms (395 modules)
 ✓ Compiled in 526ms (395 modules)
 ✓ Compiled in 526ms (395 modules)
 ✓ Compiled in 508ms (395 modules)
 ✓ Compiled in 543ms (395 modules)
 ✓ Compiled in 585ms (395 modules)
 ✓ Compiled in 877ms (395 modules)
 ✓ Compiled in 970ms (395 modules)
 ✓ Compiled in 582ms (395 modules)
 ✓ Compiled in 536ms (395 modules)
 ✓ Compiled in 567ms (395 modules)
 ✓ Compiled in 523ms (395 modules)
 ✓ Compiled in 516ms (395 modules)
 ✓ Compiled in 537ms (395 modules)
 ✓ Compiled in 557ms (395 modules)
 ✓ Compiled in 517ms (395 modules)
 ✓ Compiled in 512ms (395 modules)
 ✓ Compiled in 535ms (395 modules)
 ✓ Compiled in 520ms (395 modules)
 ✓ Compiled in 526ms (395 modules)
 ✓ Compiled in 505ms (395 modules)
 ✓ Compiled in 569ms (395 modules)
 ✓ Compiled in 524ms (395 modules)
 ✓ Compiled in 499ms (395 modules)
 ✓ Compiled in 516ms (395 modules)
 ✓ Compiled in 563ms (395 modules)
 ✓ Compiled in 583ms (395 modules)
 ✓ Compiled in 585ms (395 modules)
 ✓ Compiled in 666ms (395 modules)
 ✓ Compiled in 524ms (395 modules)
 ✓ Compiled in 499ms (395 modules)
 ✓ Compiled in 529ms (395 modules)
 ✓ Compiled in 538ms (395 modules)
 ✓ Compiled in 529ms (395 modules)
 ✓ Compiled in 523ms (395 modules)
 ✓ Compiled in 531ms (395 modules)
 ✓ Compiled in 564ms (395 modules)
 ✓ Compiled in 620ms (395 modules)
 ✓ Compiled in 850ms (395 modules)
 ✓ Compiled in 577ms (395 modules)
 ✓ Compiled in 520ms (395 modules)
 ✓ Compiled in 507ms (395 modules)
 ✓ Compiled in 495ms (395 modules)
 ✓ Compiled in 546ms (395 modules)
 ✓ Compiled in 635ms (395 modules)
 ✓ Compiled in 731ms (395 modules)
 ✓ Compiled in 659ms (395 modules)
 ✓ Compiled in 511ms (395 modules)
 ✓ Compiled in 521ms (395 modules)
 ✓ Compiled in 518ms (395 modules)
 ✓ Compiled in 559ms (395 modules)
 ✓ Compiled in 506ms (395 modules)
 ✓ Compiled in 505ms (395 modules)
 ✓ Compiled in 520ms (395 modules)
 ✓ Compiled in 533ms (395 modules)
 ✓ Compiled in 500ms (395 modules)
 ✓ Compiled in 506ms (395 modules)
 ✓ Compiled in 543ms (395 modules)
 ✓ Compiled in 507ms (395 modules)
 ✓ Compiled in 510ms (395 modules)
 ✓ Compiled in 521ms (395 modules)
 ✓ Compiled in 516ms (395 modules)
 ✓ Compiled in 543ms (395 modules)
 ✓ Compiled in 518ms (395 modules)
 ✓ Compiled in 514ms (395 modules)
 ✓ Compiled in 525ms (395 modules)
 ✓ Compiled in 524ms (395 modules)
 ✓ Compiled in 519ms (395 modules)
 ✓ Compiled in 535ms (395 modules)
 ✓ Compiled in 987ms (395 modules)
 ✓ Compiled in 545ms (395 modules)
 ✓ Compiled in 567ms (395 modules)
 ✓ Compiled in 533ms (395 modules)
 ✓ Compiled in 501ms (395 modules)
 ✓ Compiled in 522ms (395 modules)
 ✓ Compiled in 502ms (395 modules)
 ✓ Compiled in 539ms (395 modules)
 ✓ Compiled in 516ms (395 modules)
 ✓ Compiled in 522ms (395 modules)
 ✓ Compiled in 534ms (395 modules)
 ✓ Compiled in 545ms (395 modules)
 ✓ Compiled in 517ms (395 modules)
 ✓ Compiled in 510ms (395 modules)
 ✓ Compiled in 527ms (395 modules)
 ✓ Compiled in 533ms (395 modules)
 ✓ Compiled in 511ms (395 modules)
 ✓ Compiled in 515ms (395 modules)
 ✓ Compiled in 502ms (395 modules)
 ✓ Compiled in 522ms (395 modules)
 ✓ Compiled in 506ms (395 modules)
 ✓ Compiled in 510ms (395 modules)
 ✓ Compiled in 547ms (395 modules)
 ✓ Compiled in 514ms (395 modules)
 ✓ Compiled in 557ms (395 modules)
 ✓ Compiled in 692ms (395 modules)
 ✓ Compiled in 531ms (395 modules)
 ✓ Compiled in 516ms (395 modules)
 ✓ Compiled in 525ms (395 modules)
 ✓ Compiled in 512ms (395 modules)
 ✓ Compiled in 577ms (395 modules)
 ✓ Compiled in 872ms (395 modules)
 ✓ Compiled in 1062ms (395 modules)
 ✓ Compiled in 754ms (395 modules)
 ✓ Compiled in 509ms (395 modules)
 ✓ Compiled in 527ms (395 modules)
 ✓ Compiled in 518ms (395 modules)
 ✓ Compiled in 500ms (395 modules)
 ✓ Compiled in 533ms (395 modules)
 ✓ Compiled in 528ms (395 modules)
 ✓ Compiled in 507ms (395 modules)
 ✓ Compiled in 513ms (395 modules)
 ✓ Compiled in 536ms (395 modules)
 ✓ Compiled in 544ms (395 modules)
 ✓ Compiled in 503ms (395 modules)
 ✓ Compiled in 621ms (395 modules)
 ✓ Compiled in 624ms (395 modules)
 ✓ Compiled in 522ms (395 modules)
 ✓ Compiled in 519ms (395 modules)
 ✓ Compiled in 502ms (395 modules)
 ✓ Compiled in 510ms (395 modules)
 ✓ Compiled in 526ms (395 modules)
 ✓ Compiled in 499ms (395 modules)
 ✓ Compiled in 514ms (395 modules)
 ✓ Compiled in 503ms (395 modules)
 ✓ Compiled in 537ms (395 modules)
 ✓ Compiled in 501ms (395 modules)
 ✓ Compiled in 533ms (395 modules)
 ✓ Compiled in 522ms (395 modules)
 ✓ Compiled in 524ms (395 modules)
 ✓ Compiled in 543ms (395 modules)
 ✓ Compiled in 554ms (395 modules)
 ✓ Compiled in 899ms (395 modules)
 ✓ Compiled in 559ms (395 modules)
 ✓ Compiled in 533ms (395 modules)
 ✓ Compiled in 541ms (395 modules)
 ✓ Compiled in 607ms (395 modules)
 ✓ Compiled in 739ms (395 modules)
 ✓ Compiled in 560ms (395 modules)
 ✓ Compiled in 522ms (395 modules)
 ✓ Compiled in 527ms (395 modules)
 ✓ Compiled in 538ms (395 modules)
 ✓ Compiled in 519ms (395 modules)
 ✓ Compiled in 529ms (395 modules)
 ✓ Compiled in 550ms (395 modules)
 ✓ Compiled in 501ms (395 modules)
 ✓ Compiled in 519ms (395 modules)
 ✓ Compiled in 515ms (395 modules)
 ✓ Compiled in 517ms (395 modules)
 ✓ Compiled in 505ms (395 modules)
 ✓ Compiled in 518ms (395 modules)
 ✓ Compiled in 521ms (395 modules)
 ✓ Compiled in 500ms (395 modules)
 ✓ Compiled in 501ms (395 modules)
 ✓ Compiled in 517ms (395 modules)
 ✓ Compiled in 498ms (395 modules)
 ✓ Compiled in 564ms (395 modules)
 ✓ Compiled in 600ms (395 modules)
 ✓ Compiled in 692ms (395 modules)
 ✓ Compiled in 520ms (395 modules)
 ✓ Compiled in 525ms (395 modules)
 ✓ Compiled in 521ms (395 modules)
 ✓ Compiled in 545ms (395 modules)
 ✓ Compiled in 881ms (395 modules)
 ✓ Compiled in 552ms (395 modules)
 ✓ Compiled in 512ms (395 modules)
 ✓ Compiled in 535ms (395 modules)
 ✓ Compiled in 497ms (395 modules)
 ✓ Compiled in 517ms (395 modules)
 ✓ Compiled in 551ms (395 modules)
 ✓ Compiled in 568ms (395 modules)
 ✓ Compiled in 520ms (395 modules)
 ✓ Compiled in 520ms (395 modules)
 ✓ Compiled in 508ms (395 modules)
 ✓ Compiled in 529ms (395 modules)
 ✓ Compiled in 532ms (395 modules)
 ✓ Compiled in 533ms (395 modules)
 ✓ Compiled in 541ms (395 modules)
 ✓ Compiled in 736ms (395 modules)
 ✓ Compiled in 660ms (395 modules)
 ✓ Compiled in 502ms (395 modules)
 ✓ Compiled in 512ms (395 modules)
 ✓ Compiled in 498ms (395 modules)
 ✓ Compiled in 545ms (395 modules)
 ✓ Compiled in 525ms (395 modules)
 ✓ Compiled in 510ms (395 modules)
 ✓ Compiled in 499ms (395 modules)
 ✓ Compiled in 521ms (395 modules)
 ✓ Compiled in 529ms (395 modules)
 ✓ Compiled in 526ms (395 modules)
 ✓ Compiled in 523ms (395 modules)
 ✓ Compiled in 541ms (395 modules)
 ✓ Compiled in 509ms (395 modules)
 ✓ Compiled in 536ms (395 modules)
 ✓ Compiled in 946ms (395 modules)
 ✓ Compiled in 551ms (395 modules)
 ✓ Compiled in 528ms (395 modules)
 ✓ Compiled in 521ms (395 modules)
 ✓ Compiled in 535ms (395 modules)
 ✓ Compiled in 543ms (395 modules)
 ✓ Compiled in 496ms (395 modules)
 ✓ Compiled in 521ms (395 modules)
 ✓ Compiled in 511ms (395 modules)
 ✓ Compiled in 498ms (395 modules)
 ✓ Compiled in 538ms (395 modules)
 ✓ Compiled in 532ms (395 modules)
 ✓ Compiled in 513ms (395 modules)
 ✓ Compiled in 517ms (395 modules)
 ✓ Compiled in 637ms (395 modules)
 ✓ Compiled in 537ms (395 modules)
 ✓ Compiled in 1002ms (395 modules)
 ✓ Compiled in 574ms (395 modules)
 ✓ Compiled in 547ms (395 modules)
 ✓ Compiled in 509ms (395 modules)
 ✓ Compiled in 504ms (395 modules)
 ✓ Compiled in 520ms (395 modules)
 ✓ Compiled in 555ms (395 modules)
 ✓ Compiled in 519ms (395 modules)
 ✓ Compiled in 493ms (395 modules)
 ✓ Compiled in 495ms (395 modules)
 ✓ Compiled in 575ms (395 modules)
 ✓ Compiled in 506ms (395 modules)
 ✓ Compiled in 522ms (395 modules)
 ✓ Compiled in 810ms (395 modules)
 ✓ Compiled in 696ms (395 modules)
 ✓ Compiled in 876ms (395 modules)
 ✓ Compiled in 572ms (395 modules)
 ✓ Compiled in 526ms (395 modules)
 ✓ Compiled in 514ms (395 modules)
 ✓ Compiled in 533ms (395 modules)
 ✓ Compiled in 543ms (395 modules)
 ✓ Compiled in 505ms (395 modules)
 ✓ Compiled in 520ms (395 modules)
 ✓ Compiled in 522ms (395 modules)
 ✓ Compiled in 540ms (395 modules)
 ✓ Compiled in 515ms (395 modules)
 ✓ Compiled in 509ms (395 modules)
 ✓ Compiled in 590ms (395 modules)
 ✓ Compiled in 530ms (395 modules)
 ✓ Compiled in 513ms (395 modules)
 ✓ Compiled in 505ms (395 modules)
 ✓ Compiled in 550ms (395 modules)
 ✓ Compiled in 514ms (395 modules)
 ✓ Compiled in 512ms (395 modules)
 ✓ Compiled in 568ms (395 modules)
 ✓ Compiled in 682ms (395 modules)
 ✓ Compiled in 511ms (395 modules)
 ✓ Compiled in 524ms (395 modules)
 ✓ Compiled in 524ms (395 modules)
 ✓ Compiled in 506ms (395 modules)
 ✓ Compiled in 502ms (395 modules)
 ✓ Compiled in 499ms (395 modules)
 ✓ Compiled in 566ms (395 modules)
 ✓ Compiled in 531ms (395 modules)
 ✓ Compiled in 518ms (395 modules)
 ✓ Compiled in 545ms (395 modules)
 ✓ Compiled in 932ms (395 modules)
 ✓ Compiled in 581ms (395 modules)
 ✓ Compiled in 532ms (395 modules)
 ✓ Compiled in 524ms (395 modules)
 ✓ Compiled in 518ms (395 modules)
 ✓ Compiled in 515ms (395 modules)
 ✓ Compiled in 504ms (395 modules)
 ✓ Compiled in 597ms (395 modules)
 ✓ Compiled in 704ms (395 modules)
 ✓ Compiled in 662ms (395 modules)
 ✓ Compiled in 1524ms (395 modules)
 GET /booking/new 404 in 502ms
 ✓ Compiled in 1921ms (395 modules)
 ✓ Compiled in 1266ms (395 modules)
 ✓ Compiled in 1156ms (395 modules)
 ✓ Compiled in 1109ms (395 modules)
 ✓ Compiled in 996ms (395 modules)
 ELIFECYCLE  Command failed.
[?25h
