{"level":"info","message":"Database connected successfully","service":"houston-mobile-notary-api","timestamp":"2025-06-11T17:49:49.180Z"}
{"level":"info","message":"🚀 Houston Mobile Notary API server running on port 3001","service":"houston-mobile-notary-api","timestamp":"2025-06-11T17:49:49.199Z"}
{"level":"info","message":"📋 Environment: development","service":"houston-mobile-notary-api","timestamp":"2025-06-11T17:49:49.200Z"}
{"level":"info","message":"💾 Database: Neon PostgreSQL with Prisma","service":"houston-mobile-notary-api","timestamp":"2025-06-11T17:49:49.201Z"}
{"level":"info","message":"🔒 Security features enabled: Helmet, CORS, Rate Limiting","service":"houston-mobile-notary-api","timestamp":"2025-06-11T17:49:49.201Z"}
{"level":"info","message":"📡 Webhook endpoints ready for GHL integration","service":"houston-mobile-notary-api","timestamp":"2025-06-11T17:49:49.202Z"}
{"level":"info","message":"SIGINT received, shutting down gracefully","service":"houston-mobile-notary-api","timestamp":"2025-06-11T17:50:22.813Z"}
{"level":"info","message":"Database connected successfully","service":"houston-mobile-notary-api","timestamp":"2025-06-11T18:01:15.546Z"}
{"level":"info","message":"🚀 Houston Mobile Notary API server running on port 3001","service":"houston-mobile-notary-api","timestamp":"2025-06-11T18:01:15.570Z"}
{"level":"info","message":"📋 Environment: development","service":"houston-mobile-notary-api","timestamp":"2025-06-11T18:01:15.572Z"}
{"level":"info","message":"💾 Database: Neon PostgreSQL with Prisma","service":"houston-mobile-notary-api","timestamp":"2025-06-11T18:01:15.573Z"}
{"level":"info","message":"🔒 Security features enabled: Helmet, CORS, Rate Limiting","service":"houston-mobile-notary-api","timestamp":"2025-06-11T18:01:15.574Z"}
{"level":"info","message":"📡 Webhook endpoints ready for GHL integration","service":"houston-mobile-notary-api","timestamp":"2025-06-11T18:01:15.576Z"}
{"level":"info","message":"Database connected successfully","service":"houston-mobile-notary-api","timestamp":"2025-06-11T23:10:54.862Z"}
{"level":"info","message":"🚀 Houston Mobile Notary API server running on port 3001","service":"houston-mobile-notary-api","timestamp":"2025-06-11T23:10:54.871Z"}
{"level":"info","message":"📋 Environment: development","service":"houston-mobile-notary-api","timestamp":"2025-06-11T23:10:54.872Z"}
{"level":"info","message":"💾 Database: Neon PostgreSQL with Prisma","service":"houston-mobile-notary-api","timestamp":"2025-06-11T23:10:54.872Z"}
{"level":"info","message":"🔒 Security features enabled: Helmet, CORS, Rate Limiting","service":"houston-mobile-notary-api","timestamp":"2025-06-11T23:10:54.872Z"}
{"level":"info","message":"📡 Webhook endpoints ready for GHL integration","service":"houston-mobile-notary-api","timestamp":"2025-06-11T23:10:54.873Z"}
{"level":"error","message":"Failed to load historical data","metadata":{},"requestId":"","service":{"error":{"clientVersion":"6.8.2","name":"PrismaClientValidationError"}},"timestamp":"2025-06-25T05:36:07.022Z"}
{"level":"error","message":"Failed to load historical data","metadata":{},"requestId":"","service":{"error":{"clientVersion":"6.8.2","name":"PrismaClientValidationError"}},"timestamp":"2025-06-25T05:37:16.808Z"}
{"level":"error","message":"Failed to load historical data","metadata":{},"requestId":"","service":{"error":{"clientVersion":"6.8.2","name":"PrismaClientValidationError"}},"timestamp":"2025-06-25T05:43:24.145Z"}
